Start: [A D] = 5
[A B D] = 4
[A C D] = 3
[A D E] = 2
[A D F] = 2
[D] = 15
[A] = 11
[B D] = 7
[A B] = 4
[C D] = 8
[A C] = 4
[D E] = 11
[A E] = 7
[D F] = 9
[A F] = 5
choose: [A D F] = 2
[A B D F] = 6
[A C D F] = 5
[A D E F] = 3
[D F] = 9
[A F] = 5
[A D] = 5
[B D F] = 1
[A B F] = 3
[A B D] = 4
[C D F] = 2
[A C F] = 2
[A C D] = 3
[D E F] = 5
[A E F] = 1
[A D E] = 2
choose: [B D F] = 1
[A B D F] = 6
[B C D F] = 1
[B D E F] = 0
[D F] = 9
[B F] = 7
[B D] = 7
[A D F] = 2
[A B F] = 3
[A B D] = 4
[C D F] = 2
[B C F] = 0
[B C D] = 0
[D E F] = 5
[B E F] = 3
[B D E] = 3
choose: [B D E F] = 0
Goal: [B D E F] = 0
