Start: [0 1 2 3 4 5 6 7 8 9 10 11 12 13 14 15] = 120
[1 0 2 3 4 5 6 7 8 9 10 11 12 13 14 15] = 92
[2 1 0 3 4 5 6 7 8 9 10 11 12 13 14 15] = 94
[3 1 2 0 4 5 6 7 8 9 10 11 12 13 14 15] = 92
[4 1 2 3 0 5 6 7 8 9 10 11 12 13 14 15] = 94
[5 1 2 3 4 0 6 7 8 9 10 11 12 13 14 15] = 92
[6 1 2 3 4 5 0 7 8 9 10 11 12 13 14 15] = 94
[7 1 2 3 4 5 6 0 8 9 10 11 12 13 14 15] = 92
[8 1 2 3 4 5 6 7 0 9 10 11 12 13 14 15] = 94
[9 1 2 3 4 5 6 7 8 0 10 11 12 13 14 15] = 92
[10 1 2 3 4 5 6 7 8 9 0 11 12 13 14 15] = 94
[11 1 2 3 4 5 6 7 8 9 10 0 12 13 14 15] = 92
[12 1 2 3 4 5 6 7 8 9 10 11 0 13 14 15] = 94
[13 1 2 3 4 5 6 7 8 9 10 11 12 0 14 15] = 92
[14 1 2 3 4 5 6 7 8 9 10 11 12 13 0 15] = 94
[15 1 2 3 4 5 6 7 8 9 10 11 12 13 14 0] = 92
[0 2 1 3 4 5 6 7 8 9 10 11 12 13 14 15] = 92
[0 3 2 1 4 5 6 7 8 9 10 11 12 13 14 15] = 94
[0 4 2 3 1 5 6 7 8 9 10 11 12 13 14 15] = 92
[0 5 2 3 4 1 6 7 8 9 10 11 12 13 14 15] = 94
[0 6 2 3 4 5 1 7 8 9 10 11 12 13 14 15] = 92
[0 7 2 3 4 5 6 1 8 9 10 11 12 13 14 15] = 94
[0 8 2 3 4 5 6 7 1 9 10 11 12 13 14 15] = 92
[0 9 2 3 4 5 6 7 8 1 10 11 12 13 14 15] = 94
[0 10 2 3 4 5 6 7 8 9 1 11 12 13 14 15] = 92
[0 11 2 3 4 5 6 7 8 9 10 1 12 13 14 15] = 94
[0 12 2 3 4 5 6 7 8 9 10 11 1 13 14 15] = 92
[0 13 2 3 4 5 6 7 8 9 10 11 12 1 14 15] = 94
[0 14 2 3 4 5 6 7 8 9 10 11 12 13 1 15] = 92
[0 15 2 3 4 5 6 7 8 9 10 11 12 13 14 1] = 94
[0 1 3 2 4 5 6 7 8 9 10 11 12 13 14 15] = 92
[0 1 4 3 2 5 6 7 8 9 10 11 12 13 14 15] = 94
[0 1 5 3 4 2 6 7 8 9 10 11 12 13 14 15] = 92
[0 1 6 3 4 5 2 7 8 9 10 11 12 13 14 15] = 94
[0 1 7 3 4 5 6 2 8 9 10 11 12 13 14 15] = 92
[0 1 8 3 4 5 6 7 2 9 10 11 12 13 14 15] = 94
[0 1 9 3 4 5 6 7 8 2 10 11 12 13 14 15] = 92
[0 1 10 3 4 5 6 7 8 9 2 11 12 13 14 15] = 94
[0 1 11 3 4 5 6 7 8 9 10 2 12 13 14 15] = 92
[0 1 12 3 4 5 6 7 8 9 10 11 2 13 14 15] = 94
[0 1 13 3 4 5 6 7 8 9 10 11 12 2 14 15] = 92
[0 1 14 3 4 5 6 7 8 9 10 11 12 13 2 15] = 94
[0 1 15 3 4 5 6 7 8 9 10 11 12 13 14 2] = 92
[0 1 2 4 3 5 6 7 8 9 10 11 12 13 14 15] = 92
[0 1 2 5 4 3 6 7 8 9 10 11 12 13 14 15] = 94
[0 1 2 6 4 5 3 7 8 9 10 11 12 13 14 15] = 92
[0 1 2 7 4 5 6 3 8 9 10 11 12 13 14 15] = 94
[0 1 2 8 4 5 6 7 3 9 10 11 12 13 14 15] = 92
[0 1 2 9 4 5 6 7 8 3 10 11 12 13 14 15] = 94
[0 1 2 10 4 5 6 7 8 9 3 11 12 13 14 15] = 92
[0 1 2 11 4 5 6 7 8 9 10 3 12 13 14 15] = 94
[0 1 2 12 4 5 6 7 8 9 10 11 3 13 14 15] = 92
[0 1 2 13 4 5 6 7 8 9 10 11 12 3 14 15] = 94
[0 1 2 14 4 5 6 7 8 9 10 11 12 13 3 15] = 92
[0 1 2 15 4 5 6 7 8 9 10 11 12 13 14 3] = 94
[0 1 2 3 5 4 6 7 8 9 10 11 12 13 14 15] = 92
[0 1 2 3 6 5 4 7 8 9 10 11 12 13 14 15] = 94
[0 1 2 3 7 5 6 4 8 9 10 11 12 13 14 15] = 92
[0 1 2 3 8 5 6 7 4 9 10 11 12 13 14 15] = 94
[0 1 2 3 9 5 6 7 8 4 10 11 12 13 14 15] = 92
[0 1 2 3 10 5 6 7 8 9 4 11 12 13 14 15] = 94
[0 1 2 3 11 5 6 7 8 9 10 4 12 13 14 15] = 92
[0 1 2 3 12 5 6 7 8 9 10 11 4 13 14 15] = 94
[0 1 2 3 13 5 6 7 8 9 10 11 12 4 14 15] = 92
[0 1 2 3 14 5 6 7 8 9 10 11 12 13 4 15] = 94
[0 1 2 3 15 5 6 7 8 9 10 11 12 13 14 4] = 92
[0 1 2 3 4 6 5 7 8 9 10 11 12 13 14 15] = 92
[0 1 2 3 4 7 6 5 8 9 10 11 12 13 14 15] = 94
[0 1 2 3 4 8 6 7 5 9 10 11 12 13 14 15] = 92
[0 1 2 3 4 9 6 7 8 5 10 11 12 13 14 15] = 94
[0 1 2 3 4 10 6 7 8 9 5 11 12 13 14 15] = 92
[0 1 2 3 4 11 6 7 8 9 10 5 12 13 14 15] = 94
[0 1 2 3 4 12 6 7 8 9 10 11 5 13 14 15] = 92
[0 1 2 3 4 13 6 7 8 9 10 11 12 5 14 15] = 94
[0 1 2 3 4 14 6 7 8 9 10 11 12 13 5 15] = 92
[0 1 2 3 4 15 6 7 8 9 10 11 12 13 14 5] = 94
[0 1 2 3 4 5 7 6 8 9 10 11 12 13 14 15] = 92
[0 1 2 3 4 5 8 7 6 9 10 11 12 13 14 15] = 94
[0 1 2 3 4 5 9 7 8 6 10 11 12 13 14 15] = 92
[0 1 2 3 4 5 10 7 8 9 6 11 12 13 14 15] = 94
[0 1 2 3 4 5 11 7 8 9 10 6 12 13 14 15] = 92
[0 1 2 3 4 5 12 7 8 9 10 11 6 13 14 15] = 94
[0 1 2 3 4 5 13 7 8 9 10 11 12 6 14 15] = 92
[0 1 2 3 4 5 14 7 8 9 10 11 12 13 6 15] = 94
[0 1 2 3 4 5 15 7 8 9 10 11 12 13 14 6] = 92
[0 1 2 3 4 5 6 8 7 9 10 11 12 13 14 15] = 92
[0 1 2 3 4 5 6 9 8 7 10 11 12 13 14 15] = 94
[0 1 2 3 4 5 6 10 8 9 7 11 12 13 14 15] = 92
[0 1 2 3 4 5 6 11 8 9 10 7 12 13 14 15] = 94
[0 1 2 3 4 5 6 12 8 9 10 11 7 13 14 15] = 92
[0 1 2 3 4 5 6 13 8 9 10 11 12 7 14 15] = 94
[0 1 2 3 4 5 6 14 8 9 10 11 12 13 7 15] = 92
[0 1 2 3 4 5 6 15 8 9 10 11 12 13 14 7] = 94
[0 1 2 3 4 5 6 7 9 8 10 11 12 13 14 15] = 92
[0 1 2 3 4 5 6 7 10 9 8 11 12 13 14 15] = 94
[0 1 2 3 4 5 6 7 11 9 10 8 12 13 14 15] = 92
[0 1 2 3 4 5 6 7 12 9 10 11 8 13 14 15] = 94
[0 1 2 3 4 5 6 7 13 9 10 11 12 8 14 15] = 92
[0 1 2 3 4 5 6 7 14 9 10 11 12 13 8 15] = 94
[0 1 2 3 4 5 6 7 15 9 10 11 12 13 14 8] = 92
[0 1 2 3 4 5 6 7 8 10 9 11 12 13 14 15] = 92
[0 1 2 3 4 5 6 7 8 11 10 9 12 13 14 15] = 94
[0 1 2 3 4 5 6 7 8 12 10 11 9 13 14 15] = 92
[0 1 2 3 4 5 6 7 8 13 10 11 12 9 14 15] = 94
[0 1 2 3 4 5 6 7 8 14 10 11 12 13 9 15] = 92
[0 1 2 3 4 5 6 7 8 15 10 11 12 13 14 9] = 94
[0 1 2 3 4 5 6 7 8 9 11 10 12 13 14 15] = 92
[0 1 2 3 4 5 6 7 8 9 12 11 10 13 14 15] = 94
[0 1 2 3 4 5 6 7 8 9 13 11 12 10 14 15] = 92
[0 1 2 3 4 5 6 7 8 9 14 11 12 13 10 15] = 94
[0 1 2 3 4 5 6 7 8 9 15 11 12 13 14 10] = 92
[0 1 2 3 4 5 6 7 8 9 10 12 11 13 14 15] = 92
[0 1 2 3 4 5 6 7 8 9 10 13 12 11 14 15] = 94
[0 1 2 3 4 5 6 7 8 9 10 14 12 13 11 15] = 92
[0 1 2 3 4 5 6 7 8 9 10 15 12 13 14 11] = 94
[0 1 2 3 4 5 6 7 8 9 10 11 13 12 14 15] = 92
[0 1 2 3 4 5 6 7 8 9 10 11 14 13 12 15] = 94
[0 1 2 3 4 5 6 7 8 9 10 11 15 13 14 12] = 92
[0 1 2 3 4 5 6 7 8 9 10 11 12 14 13 15] = 92
[0 1 2 3 4 5 6 7 8 9 10 11 12 15 14 13] = 94
[0 1 2 3 4 5 6 7 8 9 10 11 12 13 15 14] = 92
choose: [1 0 2 3 4 5 6 7 8 9 10 11 12 13 14 15] = 92
[0 1 2 3 4 5 6 7 8 9 10 11 12 13 14 15] = 120
[2 0 1 3 4 5 6 7 8 9 10 11 12 13 14 15] = 79
[3 0 2 1 4 5 6 7 8 9 10 11 12 13 14 15] = 79
[4 0 2 3 1 5 6 7 8 9 10 11 12 13 14 15] = 79
[5 0 2 3 4 1 6 7 8 9 10 11 12 13 14 15] = 79
[6 0 2 3 4 5 1 7 8 9 10 11 12 13 14 15] = 79
[7 0 2 3 4 5 6 1 8 9 10 11 12 13 14 15] = 79
[8 0 2 3 4 5 6 7 1 9 10 11 12 13 14 15] = 79
[9 0 2 3 4 5 6 7 8 1 10 11 12 13 14 15] = 79
[10 0 2 3 4 5 6 7 8 9 1 11 12 13 14 15] = 79
[11 0 2 3 4 5 6 7 8 9 10 1 12 13 14 15] = 79
[12 0 2 3 4 5 6 7 8 9 10 11 1 13 14 15] = 79
[13 0 2 3 4 5 6 7 8 9 10 11 12 1 14 15] = 79
[14 0 2 3 4 5 6 7 8 9 10 11 12 13 1 15] = 79
[15 0 2 3 4 5 6 7 8 9 10 11 12 13 14 1] = 79
[1 2 0 3 4 5 6 7 8 9 10 11 12 13 14 15] = 79
[1 3 2 0 4 5 6 7 8 9 10 11 12 13 14 15] = 79
[1 4 2 3 0 5 6 7 8 9 10 11 12 13 14 15] = 79
[1 5 2 3 4 0 6 7 8 9 10 11 12 13 14 15] = 79
[1 6 2 3 4 5 0 7 8 9 10 11 12 13 14 15] = 79
[1 7 2 3 4 5 6 0 8 9 10 11 12 13 14 15] = 79
[1 8 2 3 4 5 6 7 0 9 10 11 12 13 14 15] = 79
[1 9 2 3 4 5 6 7 8 0 10 11 12 13 14 15] = 79
[1 10 2 3 4 5 6 7 8 9 0 11 12 13 14 15] = 79
[1 11 2 3 4 5 6 7 8 9 10 0 12 13 14 15] = 79
[1 12 2 3 4 5 6 7 8 9 10 11 0 13 14 15] = 79
[1 13 2 3 4 5 6 7 8 9 10 11 12 0 14 15] = 79
[1 14 2 3 4 5 6 7 8 9 10 11 12 13 0 15] = 79
[1 15 2 3 4 5 6 7 8 9 10 11 12 13 14 0] = 79
[1 0 3 2 4 5 6 7 8 9 10 11 12 13 14 15] = 70
[1 0 4 3 2 5 6 7 8 9 10 11 12 13 14 15] = 70
[1 0 5 3 4 2 6 7 8 9 10 11 12 13 14 15] = 68
[1 0 6 3 4 5 2 7 8 9 10 11 12 13 14 15] = 70
[1 0 7 3 4 5 6 2 8 9 10 11 12 13 14 15] = 68
[1 0 8 3 4 5 6 7 2 9 10 11 12 13 14 15] = 70
[1 0 9 3 4 5 6 7 8 2 10 11 12 13 14 15] = 68
[1 0 10 3 4 5 6 7 8 9 2 11 12 13 14 15] = 70
[1 0 11 3 4 5 6 7 8 9 10 2 12 13 14 15] = 68
[1 0 12 3 4 5 6 7 8 9 10 11 2 13 14 15] = 70
[1 0 13 3 4 5 6 7 8 9 10 11 12 2 14 15] = 68
[1 0 14 3 4 5 6 7 8 9 10 11 12 13 2 15] = 70
[1 0 15 3 4 5 6 7 8 9 10 11 12 13 14 2] = 68
[1 0 2 4 3 5 6 7 8 9 10 11 12 13 14 15] = 70
[1 0 2 5 4 3 6 7 8 9 10 11 12 13 14 15] = 70
[1 0 2 6 4 5 3 7 8 9 10 11 12 13 14 15] = 68
[1 0 2 7 4 5 6 3 8 9 10 11 12 13 14 15] = 70
[1 0 2 8 4 5 6 7 3 9 10 11 12 13 14 15] = 68
[1 0 2 9 4 5 6 7 8 3 10 11 12 13 14 15] = 70
[1 0 2 10 4 5 6 7 8 9 3 11 12 13 14 15] = 68
[1 0 2 11 4 5 6 7 8 9 10 3 12 13 14 15] = 70
[1 0 2 12 4 5 6 7 8 9 10 11 3 13 14 15] = 68
[1 0 2 13 4 5 6 7 8 9 10 11 12 3 14 15] = 70
[1 0 2 14 4 5 6 7 8 9 10 11 12 13 3 15] = 68
[1 0 2 15 4 5 6 7 8 9 10 11 12 13 14 3] = 70
[1 0 2 3 5 4 6 7 8 9 10 11 12 13 14 15] = 70
[1 0 2 3 6 5 4 7 8 9 10 11 12 13 14 15] = 70
[1 0 2 3 7 5 6 4 8 9 10 11 12 13 14 15] = 68
[1 0 2 3 8 5 6 7 4 9 10 11 12 13 14 15] = 70
[1 0 2 3 9 5 6 7 8 4 10 11 12 13 14 15] = 68
[1 0 2 3 10 5 6 7 8 9 4 11 12 13 14 15] = 70
[1 0 2 3 11 5 6 7 8 9 10 4 12 13 14 15] = 68
[1 0 2 3 12 5 6 7 8 9 10 11 4 13 14 15] = 70
[1 0 2 3 13 5 6 7 8 9 10 11 12 4 14 15] = 68
[1 0 2 3 14 5 6 7 8 9 10 11 12 13 4 15] = 70
[1 0 2 3 15 5 6 7 8 9 10 11 12 13 14 4] = 68
[1 0 2 3 4 6 5 7 8 9 10 11 12 13 14 15] = 70
[1 0 2 3 4 7 6 5 8 9 10 11 12 13 14 15] = 70
[1 0 2 3 4 8 6 7 5 9 10 11 12 13 14 15] = 68
[1 0 2 3 4 9 6 7 8 5 10 11 12 13 14 15] = 70
[1 0 2 3 4 10 6 7 8 9 5 11 12 13 14 15] = 68
[1 0 2 3 4 11 6 7 8 9 10 5 12 13 14 15] = 70
[1 0 2 3 4 12 6 7 8 9 10 11 5 13 14 15] = 68
[1 0 2 3 4 13 6 7 8 9 10 11 12 5 14 15] = 70
[1 0 2 3 4 14 6 7 8 9 10 11 12 13 5 15] = 68
[1 0 2 3 4 15 6 7 8 9 10 11 12 13 14 5] = 70
[1 0 2 3 4 5 7 6 8 9 10 11 12 13 14 15] = 70
[1 0 2 3 4 5 8 7 6 9 10 11 12 13 14 15] = 70
[1 0 2 3 4 5 9 7 8 6 10 11 12 13 14 15] = 68
[1 0 2 3 4 5 10 7 8 9 6 11 12 13 14 15] = 70
[1 0 2 3 4 5 11 7 8 9 10 6 12 13 14 15] = 68
[1 0 2 3 4 5 12 7 8 9 10 11 6 13 14 15] = 70
[1 0 2 3 4 5 13 7 8 9 10 11 12 6 14 15] = 68
[1 0 2 3 4 5 14 7 8 9 10 11 12 13 6 15] = 70
[1 0 2 3 4 5 15 7 8 9 10 11 12 13 14 6] = 68
[1 0 2 3 4 5 6 8 7 9 10 11 12 13 14 15] = 70
[1 0 2 3 4 5 6 9 8 7 10 11 12 13 14 15] = 70
[1 0 2 3 4 5 6 10 8 9 7 11 12 13 14 15] = 68
[1 0 2 3 4 5 6 11 8 9 10 7 12 13 14 15] = 70
[1 0 2 3 4 5 6 12 8 9 10 11 7 13 14 15] = 68
[1 0 2 3 4 5 6 13 8 9 10 11 12 7 14 15] = 70
[1 0 2 3 4 5 6 14 8 9 10 11 12 13 7 15] = 68
[1 0 2 3 4 5 6 15 8 9 10 11 12 13 14 7] = 70
[1 0 2 3 4 5 6 7 9 8 10 11 12 13 14 15] = 70
[1 0 2 3 4 5 6 7 10 9 8 11 12 13 14 15] = 70
[1 0 2 3 4 5 6 7 11 9 10 8 12 13 14 15] = 68
[1 0 2 3 4 5 6 7 12 9 10 11 8 13 14 15] = 70
[1 0 2 3 4 5 6 7 13 9 10 11 12 8 14 15] = 68
[1 0 2 3 4 5 6 7 14 9 10 11 12 13 8 15] = 70
[1 0 2 3 4 5 6 7 15 9 10 11 12 13 14 8] = 68
[1 0 2 3 4 5 6 7 8 10 9 11 12 13 14 15] = 70
[1 0 2 3 4 5 6 7 8 11 10 9 12 13 14 15] = 70
[1 0 2 3 4 5 6 7 8 12 10 11 9 13 14 15] = 68
[1 0 2 3 4 5 6 7 8 13 10 11 12 9 14 15] = 70
[1 0 2 3 4 5 6 7 8 14 10 11 12 13 9 15] = 68
[1 0 2 3 4 5 6 7 8 15 10 11 12 13 14 9] = 70
[1 0 2 3 4 5 6 7 8 9 11 10 12 13 14 15] = 70
[1 0 2 3 4 5 6 7 8 9 12 11 10 13 14 15] = 70
[1 0 2 3 4 5 6 7 8 9 13 11 12 10 14 15] = 68
[1 0 2 3 4 5 6 7 8 9 14 11 12 13 10 15] = 70
[1 0 2 3 4 5 6 7 8 9 15 11 12 13 14 10] = 68
[1 0 2 3 4 5 6 7 8 9 10 12 11 13 14 15] = 70
[1 0 2 3 4 5 6 7 8 9 10 13 12 11 14 15] = 70
[1 0 2 3 4 5 6 7 8 9 10 14 12 13 11 15] = 68
[1 0 2 3 4 5 6 7 8 9 10 15 12 13 14 11] = 70
[1 0 2 3 4 5 6 7 8 9 10 11 13 12 14 15] = 70
[1 0 2 3 4 5 6 7 8 9 10 11 14 13 12 15] = 70
[1 0 2 3 4 5 6 7 8 9 10 11 15 13 14 12] = 68
[1 0 2 3 4 5 6 7 8 9 10 11 12 14 13 15] = 70
[1 0 2 3 4 5 6 7 8 9 10 11 12 15 14 13] = 70
[1 0 2 3 4 5 6 7 8 9 10 11 12 13 15 14] = 70
choose: [2 0 1 3 4 5 6 7 8 9 10 11 12 13 14 15] = 79
[0 2 1 3 4 5 6 7 8 9 10 11 12 13 14 15] = 92
[1 0 2 3 4 5 6 7 8 9 10 11 12 13 14 15] = 92
[3 0 1 2 4 5 6 7 8 9 10 11 12 13 14 15] = 70
[4 0 1 3 2 5 6 7 8 9 10 11 12 13 14 15] = 68
[5 0 1 3 4 2 6 7 8 9 10 11 12 13 14 15] = 67
[6 0 1 3 4 5 2 7 8 9 10 11 12 13 14 15] = 69
[7 0 1 3 4 5 6 2 8 9 10 11 12 13 14 15] = 67
[8 0 1 3 4 5 6 7 2 9 10 11 12 13 14 15] = 69
[9 0 1 3 4 5 6 7 8 2 10 11 12 13 14 15] = 67
[10 0 1 3 4 5 6 7 8 9 2 11 12 13 14 15] = 69
[11 0 1 3 4 5 6 7 8 9 10 2 12 13 14 15] = 67
[12 0 1 3 4 5 6 7 8 9 10 11 2 13 14 15] = 69
[13 0 1 3 4 5 6 7 8 9 10 11 12 2 14 15] = 67
[14 0 1 3 4 5 6 7 8 9 10 11 12 13 2 15] = 69
[15 0 1 3 4 5 6 7 8 9 10 11 12 13 14 2] = 67
[2 1 0 3 4 5 6 7 8 9 10 11 12 13 14 15] = 94
[2 3 1 0 4 5 6 7 8 9 10 11 12 13 14 15] = 68
[2 4 1 3 0 5 6 7 8 9 10 11 12 13 14 15] = 66
[2 5 1 3 4 0 6 7 8 9 10 11 12 13 14 15] = 67
[2 6 1 3 4 5 0 7 8 9 10 11 12 13 14 15] = 67
[2 7 1 3 4 5 6 0 8 9 10 11 12 13 14 15] = 67
[2 8 1 3 4 5 6 7 0 9 10 11 12 13 14 15] = 67
[2 9 1 3 4 5 6 7 8 0 10 11 12 13 14 15] = 67
[2 10 1 3 4 5 6 7 8 9 0 11 12 13 14 15] = 67
[2 11 1 3 4 5 6 7 8 9 10 0 12 13 14 15] = 67
[2 12 1 3 4 5 6 7 8 9 10 11 0 13 14 15] = 67
[2 13 1 3 4 5 6 7 8 9 10 11 12 0 14 15] = 67
[2 14 1 3 4 5 6 7 8 9 10 11 12 13 0 15] = 67
[2 15 1 3 4 5 6 7 8 9 10 11 12 13 14 0] = 67
[2 0 3 1 4 5 6 7 8 9 10 11 12 13 14 15] = 66
[2 0 4 3 1 5 6 7 8 9 10 11 12 13 14 15] = 68
[2 0 5 3 4 1 6 7 8 9 10 11 12 13 14 15] = 67
[2 0 6 3 4 5 1 7 8 9 10 11 12 13 14 15] = 67
[2 0 7 3 4 5 6 1 8 9 10 11 12 13 14 15] = 67
[2 0 8 3 4 5 6 7 1 9 10 11 12 13 14 15] = 67
[2 0 9 3 4 5 6 7 8 1 10 11 12 13 14 15] = 67
[2 0 10 3 4 5 6 7 8 9 1 11 12 13 14 15] = 67
[2 0 11 3 4 5 6 7 8 9 10 1 12 13 14 15] = 67
[2 0 12 3 4 5 6 7 8 9 10 11 1 13 14 15] = 67
[2 0 13 3 4 5 6 7 8 9 10 11 12 1 14 15] = 67
[2 0 14 3 4 5 6 7 8 9 10 11 12 13 1 15] = 67
[2 0 15 3 4 5 6 7 8 9 10 11 12 13 14 1] = 67
[2 0 1 4 3 5 6 7 8 9 10 11 12 13 14 15] = 59
[2 0 1 5 4 3 6 7 8 9 10 11 12 13 14 15] = 60
[2 0 1 6 4 5 3 7 8 9 10 11 12 13 14 15] = 57
[2 0 1 7 4 5 6 3 8 9 10 11 12 13 14 15] = 59
[2 0 1 8 4 5 6 7 3 9 10 11 12 13 14 15] = 57
[2 0 1 9 4 5 6 7 8 3 10 11 12 13 14 15] = 59
[2 0 1 10 4 5 6 7 8 9 3 11 12 13 14 15] = 57
[2 0 1 11 4 5 6 7 8 9 10 3 12 13 14 15] = 59
[2 0 1 12 4 5 6 7 8 9 10 11 3 13 14 15] = 57
[2 0 1 13 4 5 6 7 8 9 10 11 12 3 14 15] = 59
[2 0 1 14 4 5 6 7 8 9 10 11 12 13 3 15] = 57
[2 0 1 15 4 5 6 7 8 9 10 11 12 13 14 3] = 59
[2 0 1 3 5 4 6 7 8 9 10 11 12 13 14 15] = 59
[2 0 1 3 6 5 4 7 8 9 10 11 12 13 14 15] = 60
[2 0 1 3 7 5 6 4 8 9 10 11 12 13 14 15] = 57
[2 0 1 3 8 5 6 7 4 9 10 11 12 13 14 15] = 59
[2 0 1 3 9 5 6 7 8 4 10 11 12 13 14 15] = 57
[2 0 1 3 10 5 6 7 8 9 4 11 12 13 14 15] = 59
[2 0 1 3 11 5 6 7 8 9 10 4 12 13 14 15] = 57
[2 0 1 3 12 5 6 7 8 9 10 11 4 13 14 15] = 59
[2 0 1 3 13 5 6 7 8 9 10 11 12 4 14 15] = 57
[2 0 1 3 14 5 6 7 8 9 10 11 12 13 4 15] = 59
[2 0 1 3 15 5 6 7 8 9 10 11 12 13 14 4] = 57
[2 0 1 3 4 6 5 7 8 9 10 11 12 13 14 15] = 59
[2 0 1 3 4 7 6 5 8 9 10 11 12 13 14 15] = 60
[2 0 1 3 4 8 6 7 5 9 10 11 12 13 14 15] = 57
[2 0 1 3 4 9 6 7 8 5 10 11 12 13 14 15] = 59
[2 0 1 3 4 10 6 7 8 9 5 11 12 13 14 15] = 57
[2 0 1 3 4 11 6 7 8 9 10 5 12 13 14 15] = 59
[2 0 1 3 4 12 6 7 8 9 10 11 5 13 14 15] = 57
[2 0 1 3 4 13 6 7 8 9 10 11 12 5 14 15] = 59
[2 0 1 3 4 14 6 7 8 9 10 11 12 13 5 15] = 57
[2 0 1 3 4 15 6 7 8 9 10 11 12 13 14 5] = 59
[2 0 1 3 4 5 7 6 8 9 10 11 12 13 14 15] = 59
[2 0 1 3 4 5 8 7 6 9 10 11 12 13 14 15] = 60
[2 0 1 3 4 5 9 7 8 6 10 11 12 13 14 15] = 57
[2 0 1 3 4 5 10 7 8 9 6 11 12 13 14 15] = 59
[2 0 1 3 4 5 11 7 8 9 10 6 12 13 14 15] = 57
[2 0 1 3 4 5 12 7 8 9 10 11 6 13 14 15] = 59
[2 0 1 3 4 5 13 7 8 9 10 11 12 6 14 15] = 57
[2 0 1 3 4 5 14 7 8 9 10 11 12 13 6 15] = 59
[2 0 1 3 4 5 15 7 8 9 10 11 12 13 14 6] = 57
[2 0 1 3 4 5 6 8 7 9 10 11 12 13 14 15] = 59
[2 0 1 3 4 5 6 9 8 7 10 11 12 13 14 15] = 60
[2 0 1 3 4 5 6 10 8 9 7 11 12 13 14 15] = 57
[2 0 1 3 4 5 6 11 8 9 10 7 12 13 14 15] = 59
[2 0 1 3 4 5 6 12 8 9 10 11 7 13 14 15] = 57
[2 0 1 3 4 5 6 13 8 9 10 11 12 7 14 15] = 59
[2 0 1 3 4 5 6 14 8 9 10 11 12 13 7 15] = 57
[2 0 1 3 4 5 6 15 8 9 10 11 12 13 14 7] = 59
[2 0 1 3 4 5 6 7 9 8 10 11 12 13 14 15] = 59
[2 0 1 3 4 5 6 7 10 9 8 11 12 13 14 15] = 60
[2 0 1 3 4 5 6 7 11 9 10 8 12 13 14 15] = 57
[2 0 1 3 4 5 6 7 12 9 10 11 8 13 14 15] = 59
[2 0 1 3 4 5 6 7 13 9 10 11 12 8 14 15] = 57
[2 0 1 3 4 5 6 7 14 9 10 11 12 13 8 15] = 59
[2 0 1 3 4 5 6 7 15 9 10 11 12 13 14 8] = 57
[2 0 1 3 4 5 6 7 8 10 9 11 12 13 14 15] = 59
[2 0 1 3 4 5 6 7 8 11 10 9 12 13 14 15] = 60
[2 0 1 3 4 5 6 7 8 12 10 11 9 13 14 15] = 57
[2 0 1 3 4 5 6 7 8 13 10 11 12 9 14 15] = 59
[2 0 1 3 4 5 6 7 8 14 10 11 12 13 9 15] = 57
[2 0 1 3 4 5 6 7 8 15 10 11 12 13 14 9] = 59
[2 0 1 3 4 5 6 7 8 9 11 10 12 13 14 15] = 59
[2 0 1 3 4 5 6 7 8 9 12 11 10 13 14 15] = 60
[2 0 1 3 4 5 6 7 8 9 13 11 12 10 14 15] = 57
[2 0 1 3 4 5 6 7 8 9 14 11 12 13 10 15] = 59
[2 0 1 3 4 5 6 7 8 9 15 11 12 13 14 10] = 57
[2 0 1 3 4 5 6 7 8 9 10 12 11 13 14 15] = 59
[2 0 1 3 4 5 6 7 8 9 10 13 12 11 14 15] = 60
[2 0 1 3 4 5 6 7 8 9 10 14 12 13 11 15] = 57
[2 0 1 3 4 5 6 7 8 9 10 15 12 13 14 11] = 59
[2 0 1 3 4 5 6 7 8 9 10 11 13 12 14 15] = 59
[2 0 1 3 4 5 6 7 8 9 10 11 14 13 12 15] = 60
[2 0 1 3 4 5 6 7 8 9 10 11 15 13 14 12] = 57
[2 0 1 3 4 5 6 7 8 9 10 11 12 14 13 15] = 59
[2 0 1 3 4 5 6 7 8 9 10 11 12 15 14 13] = 60
[2 0 1 3 4 5 6 7 8 9 10 11 12 13 15 14] = 59
choose: [5 0 1 3 4 2 6 7 8 9 10 11 12 13 14 15] = 67
[0 5 1 3 4 2 6 7 8 9 10 11 12 13 14 15] = 79
[1 0 5 3 4 2 6 7 8 9 10 11 12 13 14 15] = 68
[3 0 1 5 4 2 6 7 8 9 10 11 12 13 14 15] = 58
[4 0 1 3 5 2 6 7 8 9 10 11 12 13 14 15] = 56
[2 0 1 3 4 5 6 7 8 9 10 11 12 13 14 15] = 79
[6 0 1 3 4 2 5 7 8 9 10 11 12 13 14 15] = 59
[7 0 1 3 4 2 6 5 8 9 10 11 12 13 14 15] = 58
[8 0 1 3 4 2 6 7 5 9 10 11 12 13 14 15] = 58
[9 0 1 3 4 2 6 7 8 5 10 11 12 13 14 15] = 57
[10 0 1 3 4 2 6 7 8 9 5 11 12 13 14 15] = 56
[11 0 1 3 4 2 6 7 8 9 10 5 12 13 14 15] = 57
[12 0 1 3 4 2 6 7 8 9 10 11 5 13 14 15] = 57
[13 0 1 3 4 2 6 7 8 9 10 11 12 5 14 15] = 57
[14 0 1 3 4 2 6 7 8 9 10 11 12 13 5 15] = 57
[15 0 1 3 4 2 6 7 8 9 10 11 12 13 14 5] = 57
[5 1 0 3 4 2 6 7 8 9 10 11 12 13 14 15] = 79
[5 3 1 0 4 2 6 7 8 9 10 11 12 13 14 15] = 57
[5 4 1 3 0 2 6 7 8 9 10 11 12 13 14 15] = 56
[5 2 1 3 4 0 6 7 8 9 10 11 12 13 14 15] = 68
[5 6 1 3 4 2 0 7 8 9 10 11 12 13 14 15] = 58
[5 7 1 3 4 2 6 0 8 9 10 11 12 13 14 15] = 57
[5 8 1 3 4 2 6 7 0 9 10 11 12 13 14 15] = 56
[5 9 1 3 4 2 6 7 8 0 10 11 12 13 14 15] = 55
[5 10 1 3 4 2 6 7 8 9 0 11 12 13 14 15] = 55
[5 11 1 3 4 2 6 7 8 9 10 0 12 13 14 15] = 56
[5 12 1 3 4 2 6 7 8 9 10 11 0 13 14 15] = 56
[5 13 1 3 4 2 6 7 8 9 10 11 12 0 14 15] = 56
[5 14 1 3 4 2 6 7 8 9 10 11 12 13 0 15] = 56
[5 15 1 3 4 2 6 7 8 9 10 11 12 13 14 0] = 56
[5 0 3 1 4 2 6 7 8 9 10 11 12 13 14 15] = 56
[5 0 4 3 1 2 6 7 8 9 10 11 12 13 14 15] = 58
[5 0 2 3 4 1 6 7 8 9 10 11 12 13 14 15] = 79
[5 0 6 3 4 2 1 7 8 9 10 11 12 13 14 15] = 57
[5 0 7 3 4 2 6 1 8 9 10 11 12 13 14 15] = 57
[5 0 8 3 4 2 6 7 1 9 10 11 12 13 14 15] = 55
[5 0 9 3 4 2 6 7 8 1 10 11 12 13 14 15] = 55
[5 0 10 3 4 2 6 7 8 9 1 11 12 13 14 15] = 56
[5 0 11 3 4 2 6 7 8 9 10 1 12 13 14 15] = 56
[5 0 12 3 4 2 6 7 8 9 10 11 1 13 14 15] = 56
[5 0 13 3 4 2 6 7 8 9 10 11 12 1 14 15] = 56
[5 0 14 3 4 2 6 7 8 9 10 11 12 13 1 15] = 56
[5 0 15 3 4 2 6 7 8 9 10 11 12 13 14 1] = 56
[5 0 1 4 3 2 6 7 8 9 10 11 12 13 14 15] = 51
[5 0 1 2 4 3 6 7 8 9 10 11 12 13 14 15] = 60
[5 0 1 6 4 2 3 7 8 9 10 11 12 13 14 15] = 48
[5 0 1 7 4 2 6 3 8 9 10 11 12 13 14 15] = 47
[5 0 1 8 4 2 6 7 3 9 10 11 12 13 14 15] = 48
[5 0 1 9 4 2 6 7 8 3 10 11 12 13 14 15] = 49
[5 0 1 10 4 2 6 7 8 9 3 11 12 13 14 15] = 47
[5 0 1 11 4 2 6 7 8 9 10 3 12 13 14 15] = 49
[5 0 1 12 4 2 6 7 8 9 10 11 3 13 14 15] = 47
[5 0 1 13 4 2 6 7 8 9 10 11 12 3 14 15] = 49
[5 0 1 14 4 2 6 7 8 9 10 11 12 13 3 15] = 47
[5 0 1 15 4 2 6 7 8 9 10 11 12 13 14 3] = 49
[5 0 1 3 2 4 6 7 8 9 10 11 12 13 14 15] = 59
[5 0 1 3 6 2 4 7 8 9 10 11 12 13 14 15] = 47
[5 0 1 3 7 2 6 4 8 9 10 11 12 13 14 15] = 48
[5 0 1 3 8 2 6 7 4 9 10 11 12 13 14 15] = 49
[5 0 1 3 9 2 6 7 8 4 10 11 12 13 14 15] = 48
[5 0 1 3 10 2 6 7 8 9 4 11 12 13 14 15] = 49
[5 0 1 3 11 2 6 7 8 9 10 4 12 13 14 15] = 47
[5 0 1 3 12 2 6 7 8 9 10 11 4 13 14 15] = 49
[5 0 1 3 13 2 6 7 8 9 10 11 12 4 14 15] = 47
[5 0 1 3 14 2 6 7 8 9 10 11 12 13 4 15] = 49
[5 0 1 3 15 2 6 7 8 9 10 11 12 13 14 4] = 47
[5 0 1 3 4 6 2 7 8 9 10 11 12 13 14 15] = 57
[5 0 1 3 4 7 6 2 8 9 10 11 12 13 14 15] = 57
[5 0 1 3 4 8 6 7 2 9 10 11 12 13 14 15] = 56
[5 0 1 3 4 9 6 7 8 2 10 11 12 13 14 15] = 57
[5 0 1 3 4 10 6 7 8 9 2 11 12 13 14 15] = 58
[5 0 1 3 4 11 6 7 8 9 10 2 12 13 14 15] = 57
[5 0 1 3 4 12 6 7 8 9 10 11 2 13 14 15] = 57
[5 0 1 3 4 13 6 7 8 9 10 11 12 2 14 15] = 57
[5 0 1 3 4 14 6 7 8 9 10 11 12 13 2 15] = 57
[5 0 1 3 4 15 6 7 8 9 10 11 12 13 14 2] = 57
[5 0 1 3 4 2 7 6 8 9 10 11 12 13 14 15] = 49
[5 0 1 3 4 2 8 7 6 9 10 11 12 13 14 15] = 49
[5 0 1 3 4 2 9 7 8 6 10 11 12 13 14 15] = 48
[5 0 1 3 4 2 10 7 8 9 6 11 12 13 14 15] = 49
[5 0 1 3 4 2 11 7 8 9 10 6 12 13 14 15] = 48
[5 0 1 3 4 2 12 7 8 9 10 11 6 13 14 15] = 49
[5 0 1 3 4 2 13 7 8 9 10 11 12 6 14 15] = 47
[5 0 1 3 4 2 14 7 8 9 10 11 12 13 6 15] = 49
[5 0 1 3 4 2 15 7 8 9 10 11 12 13 14 6] = 47
[5 0 1 3 4 2 6 8 7 9 10 11 12 13 14 15] = 49
[5 0 1 3 4 2 6 9 8 7 10 11 12 13 14 15] = 49
[5 0 1 3 4 2 6 10 8 9 7 11 12 13 14 15] = 48
[5 0 1 3 4 2 6 11 8 9 10 7 12 13 14 15] = 49
[5 0 1 3 4 2 6 12 8 9 10 11 7 13 14 15] = 48
[5 0 1 3 4 2 6 13 8 9 10 11 12 7 14 15] = 49
[5 0 1 3 4 2 6 14 8 9 10 11 12 13 7 15] = 47
[5 0 1 3 4 2 6 15 8 9 10 11 12 13 14 7] = 49
[5 0 1 3 4 2 6 7 9 8 10 11 12 13 14 15] = 49
[5 0 1 3 4 2 6 7 10 9 8 11 12 13 14 15] = 49
[5 0 1 3 4 2 6 7 11 9 10 8 12 13 14 15] = 48
[5 0 1 3 4 2 6 7 12 9 10 11 8 13 14 15] = 49
[5 0 1 3 4 2 6 7 13 9 10 11 12 8 14 15] = 48
[5 0 1 3 4 2 6 7 14 9 10 11 12 13 8 15] = 49
[5 0 1 3 4 2 6 7 15 9 10 11 12 13 14 8] = 47
[5 0 1 3 4 2 6 7 8 10 9 11 12 13 14 15] = 49
[5 0 1 3 4 2 6 7 8 11 10 9 12 13 14 15] = 49
[5 0 1 3 4 2 6 7 8 12 10 11 9 13 14 15] = 48
[5 0 1 3 4 2 6 7 8 13 10 11 12 9 14 15] = 49
[5 0 1 3 4 2 6 7 8 14 10 11 12 13 9 15] = 48
[5 0 1 3 4 2 6 7 8 15 10 11 12 13 14 9] = 49
[5 0 1 3 4 2 6 7 8 9 11 10 12 13 14 15] = 49
[5 0 1 3 4 2 6 7 8 9 12 11 10 13 14 15] = 49
[5 0 1 3 4 2 6 7 8 9 13 11 12 10 14 15] = 48
[5 0 1 3 4 2 6 7 8 9 14 11 12 13 10 15] = 49
[5 0 1 3 4 2 6 7 8 9 15 11 12 13 14 10] = 48
[5 0 1 3 4 2 6 7 8 9 10 12 11 13 14 15] = 49
[5 0 1 3 4 2 6 7 8 9 10 13 12 11 14 15] = 49
[5 0 1 3 4 2 6 7 8 9 10 14 12 13 11 15] = 48
[5 0 1 3 4 2 6 7 8 9 10 15 12 13 14 11] = 49
[5 0 1 3 4 2 6 7 8 9 10 11 13 12 14 15] = 49
[5 0 1 3 4 2 6 7 8 9 10 11 14 13 12 15] = 49
[5 0 1 3 4 2 6 7 8 9 10 11 15 13 14 12] = 48
[5 0 1 3 4 2 6 7 8 9 10 11 12 14 13 15] = 49
[5 0 1 3 4 2 6 7 8 9 10 11 12 15 14 13] = 49
[5 0 1 3 4 2 6 7 8 9 10 11 12 13 15 14] = 49
choose: [5 9 1 3 4 2 6 7 8 0 10 11 12 13 14 15] = 55
[9 5 1 3 4 2 6 7 8 0 10 11 12 13 14 15] = 57
[1 9 5 3 4 2 6 7 8 0 10 11 12 13 14 15] = 56
[3 9 1 5 4 2 6 7 8 0 10 11 12 13 14 15] = 47
[4 9 1 3 5 2 6 7 8 0 10 11 12 13 14 15] = 46
[2 9 1 3 4 5 6 7 8 0 10 11 12 13 14 15] = 67
[6 9 1 3 4 2 5 7 8 0 10 11 12 13 14 15] = 47
[7 9 1 3 4 2 6 5 8 0 10 11 12 13 14 15] = 47
[8 9 1 3 4 2 6 7 5 0 10 11 12 13 14 15] = 48
[0 9 1 3 4 2 6 7 8 5 10 11 12 13 14 15] = 67
[10 9 1 3 4 2 6 7 8 0 5 11 12 13 14 15] = 46
[11 9 1 3 4 2 6 7 8 0 10 5 12 13 14 15] = 46
[12 9 1 3 4 2 6 7 8 0 10 11 5 13 14 15] = 46
[13 9 1 3 4 2 6 7 8 0 10 11 12 5 14 15] = 45
[14 9 1 3 4 2 6 7 8 0 10 11 12 13 5 15] = 47
[15 9 1 3 4 2 6 7 8 0 10 11 12 13 14 5] = 46
[5 1 9 3 4 2 6 7 8 0 10 11 12 13 14 15] = 66
[5 3 1 9 4 2 6 7 8 0 10 11 12 13 14 15] = 46
[5 4 1 3 9 2 6 7 8 0 10 11 12 13 14 15] = 47
[5 2 1 3 4 9 6 7 8 0 10 11 12 13 14 15] = 57
[5 6 1 3 4 2 9 7 8 0 10 11 12 13 14 15] = 47
[5 7 1 3 4 2 6 9 8 0 10 11 12 13 14 15] = 47
[5 8 1 3 4 2 6 7 9 0 10 11 12 13 14 15] = 46
[5 0 1 3 4 2 6 7 8 9 10 11 12 13 14 15] = 67
[5 10 1 3 4 2 6 7 8 0 9 11 12 13 14 15] = 46
[5 11 1 3 4 2 6 7 8 0 10 9 12 13 14 15] = 47
[5 12 1 3 4 2 6 7 8 0 10 11 9 13 14 15] = 46
[5 13 1 3 4 2 6 7 8 0 10 11 12 9 14 15] = 47
[5 14 1 3 4 2 6 7 8 0 10 11 12 13 9 15] = 45
[5 15 1 3 4 2 6 7 8 0 10 11 12 13 14 9] = 47
[5 9 3 1 4 2 6 7 8 0 10 11 12 13 14 15] = 46
[5 9 4 3 1 2 6 7 8 0 10 11 12 13 14 15] = 48
[5 9 2 3 4 1 6 7 8 0 10 11 12 13 14 15] = 67
[5 9 6 3 4 2 1 7 8 0 10 11 12 13 14 15] = 47
[5 9 7 3 4 2 6 1 8 0 10 11 12 13 14 15] = 48
[5 9 8 3 4 2 6 7 1 0 10 11 12 13 14 15] = 47
[5 9 0 3 4 2 6 7 8 1 10 11 12 13 14 15] = 56
[5 9 10 3 4 2 6 7 8 0 1 11 12 13 14 15] = 48
[5 9 11 3 4 2 6 7 8 0 10 1 12 13 14 15] = 46
[5 9 12 3 4 2 6 7 8 0 10 11 1 13 14 15] = 46
[5 9 13 3 4 2 6 7 8 0 10 11 12 1 14 15] = 46
[5 9 14 3 4 2 6 7 8 0 10 11 12 13 1 15] = 46
[5 9 15 3 4 2 6 7 8 0 10 11 12 13 14 1] = 46
[5 9 1 4 3 2 6 7 8 0 10 11 12 13 14 15] = 40
[5 9 1 2 4 3 6 7 8 0 10 11 12 13 14 15] = 48
[5 9 1 6 4 2 3 7 8 0 10 11 12 13 14 15] = 40
[5 9 1 7 4 2 6 3 8 0 10 11 12 13 14 15] = 39
[5 9 1 8 4 2 6 7 3 0 10 11 12 13 14 15] = 38
[5 9 1 0 4 2 6 7 8 3 10 11 12 13 14 15] = 48
[5 9 1 10 4 2 6 7 8 0 3 11 12 13 14 15] = 37
[5 9 1 11 4 2 6 7 8 0 10 3 12 13 14 15] = 40
[5 9 1 12 4 2 6 7 8 0 10 11 3 13 14 15] = 38
[5 9 1 13 4 2 6 7 8 0 10 11 12 3 14 15] = 39
[5 9 1 14 4 2 6 7 8 0 10 11 12 13 3 15] = 37
[5 9 1 15 4 2 6 7 8 0 10 11 12 13 14 3] = 37
[5 9 1 3 2 4 6 7 8 0 10 11 12 13 14 15] = 48
[5 9 1 3 6 2 4 7 8 0 10 11 12 13 14 15] = 39
[5 9 1 3 7 2 6 4 8 0 10 11 12 13 14 15] = 38
[5 9 1 3 8 2 6 7 4 0 10 11 12 13 14 15] = 39
[5 9 1 3 0 2 6 7 8 4 10 11 12 13 14 15] = 45
[5 9 1 3 10 2 6 7 8 0 4 11 12 13 14 15] = 39
[5 9 1 3 11 2 6 7 8 0 10 4 12 13 14 15] = 37
[5 9 1 3 12 2 6 7 8 0 10 11 4 13 14 15] = 40
[5 9 1 3 13 2 6 7 8 0 10 11 12 4 14 15] = 38
[5 9 1 3 14 2 6 7 8 0 10 11 12 13 4 15] = 37
[5 9 1 3 15 2 6 7 8 0 10 11 12 13 14 4] = 37
[5 9 1 3 4 6 2 7 8 0 10 11 12 13 14 15] = 46
[5 9 1 3 4 7 6 2 8 0 10 11 12 13 14 15] = 47
[5 9 1 3 4 8 6 7 2 0 10 11 12 13 14 15] = 46
[5 9 1 3 4 0 6 7 8 2 10 11 12 13 14 15] = 56
[5 9 1 3 4 10 6 7 8 0 2 11 12 13 14 15] = 47
[5 9 1 3 4 11 6 7 8 0 10 2 12 13 14 15] = 47
[5 9 1 3 4 12 6 7 8 0 10 11 2 13 14 15] = 46
[5 9 1 3 4 13 6 7 8 0 10 11 12 2 14 15] = 46
[5 9 1 3 4 14 6 7 8 0 10 11 12 13 2 15] = 46
[5 9 1 3 4 15 6 7 8 0 10 11 12 13 14 2] = 46
[5 9 1 3 4 2 7 6 8 0 10 11 12 13 14 15] = 38
[5 9 1 3 4 2 8 7 6 0 10 11 12 13 14 15] = 39
[5 9 1 3 4 2 0 7 8 6 10 11 12 13 14 15] = 47
[5 9 1 3 4 2 10 7 8 0 6 11 12 13 14 15] = 39
[5 9 1 3 4 2 11 7 8 0 10 6 12 13 14 15] = 38
[5 9 1 3 4 2 12 7 8 0 10 11 6 13 14 15] = 37
[5 9 1 3 4 2 13 7 8 0 10 11 12 6 14 15] = 37
[5 9 1 3 4 2 14 7 8 0 10 11 12 13 6 15] = 40
[5 9 1 3 4 2 15 7 8 0 10 11 12 13 14 6] = 38
[5 9 1 3 4 2 6 8 7 0 10 11 12 13 14 15] = 38
[5 9 1 3 4 2 6 0 8 7 10 11 12 13 14 15] = 47
[5 9 1 3 4 2 6 10 8 0 7 11 12 13 14 15] = 38
[5 9 1 3 4 2 6 11 8 0 10 7 12 13 14 15] = 37
[5 9 1 3 4 2 6 12 8 0 10 11 7 13 14 15] = 38
[5 9 1 3 4 2 6 13 8 0 10 11 12 7 14 15] = 39
[5 9 1 3 4 2 6 14 8 0 10 11 12 13 7 15] = 37
[5 9 1 3 4 2 6 15 8 0 10 11 12 13 14 7] = 40
[5 9 1 3 4 2 6 7 0 8 10 11 12 13 14 15] = 47
[5 9 1 3 4 2 6 7 10 0 8 11 12 13 14 15] = 37
[5 9 1 3 4 2 6 7 11 0 10 8 12 13 14 15] = 38
[5 9 1 3 4 2 6 7 12 0 10 11 8 13 14 15] = 39
[5 9 1 3 4 2 6 7 13 0 10 11 12 8 14 15] = 38
[5 9 1 3 4 2 6 7 14 0 10 11 12 13 8 15] = 39
[5 9 1 3 4 2 6 7 15 0 10 11 12 13 14 8] = 37
[5 9 1 3 4 2 6 7 8 10 0 11 12 13 14 15] = 46
[5 9 1 3 4 2 6 7 8 11 10 0 12 13 14 15] = 46
[5 9 1 3 4 2 6 7 8 12 10 11 0 13 14 15] = 46
[5 9 1 3 4 2 6 7 8 13 10 11 12 0 14 15] = 46
[5 9 1 3 4 2 6 7 8 14 10 11 12 13 0 15] = 47
[5 9 1 3 4 2 6 7 8 15 10 11 12 13 14 0] = 46
[5 9 1 3 4 2 6 7 8 0 11 10 12 13 14 15] = 38
[5 9 1 3 4 2 6 7 8 0 12 11 10 13 14 15] = 39
[5 9 1 3 4 2 6 7 8 0 13 11 12 10 14 15] = 38
[5 9 1 3 4 2 6 7 8 0 14 11 12 13 10 15] = 39
[5 9 1 3 4 2 6 7 8 0 15 11 12 13 14 10] = 38
[5 9 1 3 4 2 6 7 8 0 10 12 11 13 14 15] = 38
[5 9 1 3 4 2 6 7 8 0 10 13 12 11 14 15] = 39
[5 9 1 3 4 2 6 7 8 0 10 14 12 13 11 15] = 38
[5 9 1 3 4 2 6 7 8 0 10 15 12 13 14 11] = 39
[5 9 1 3 4 2 6 7 8 0 10 11 13 12 14 15] = 38
[5 9 1 3 4 2 6 7 8 0 10 11 14 13 12 15] = 39
[5 9 1 3 4 2 6 7 8 0 10 11 15 13 14 12] = 38
[5 9 1 3 4 2 6 7 8 0 10 11 12 14 13 15] = 38
[5 9 1 3 4 2 6 7 8 0 10 11 12 15 14 13] = 39
[5 9 1 3 4 2 6 7 8 0 10 11 12 13 15 14] = 38
choose: [13 9 1 3 4 2 6 7 8 0 10 11 12 5 14 15] = 45
[9 13 1 3 4 2 6 7 8 0 10 11 12 5 14 15] = 47
[1 9 13 3 4 2 6 7 8 0 10 11 12 5 14 15] = 45
[3 9 1 13 4 2 6 7 8 0 10 11 12 5 14 15] = 38
[4 9 1 3 13 2 6 7 8 0 10 11 12 5 14 15] = 36
[2 9 1 3 4 13 6 7 8 0 10 11 12 5 14 15] = 47
[6 9 1 3 4 2 13 7 8 0 10 11 12 5 14 15] = 37
[7 9 1 3 4 2 6 13 8 0 10 11 12 5 14 15] = 38
[8 9 1 3 4 2 6 7 13 0 10 11 12 5 14 15] = 38
[0 9 1 3 4 2 6 7 8 13 10 11 12 5 14 15] = 56
[10 9 1 3 4 2 6 7 8 0 13 11 12 5 14 15] = 37
[11 9 1 3 4 2 6 7 8 0 10 13 12 5 14 15] = 37
[12 9 1 3 4 2 6 7 8 0 10 11 13 5 14 15] = 37
[5 9 1 3 4 2 6 7 8 0 10 11 12 13 14 15] = 55
[14 9 1 3 4 2 6 7 8 0 10 11 12 5 13 15] = 38
[15 9 1 3 4 2 6 7 8 0 10 11 12 5 14 13] = 37
[13 1 9 3 4 2 6 7 8 0 10 11 12 5 14 15] = 55
[13 3 1 9 4 2 6 7 8 0 10 11 12 5 14 15] = 37
[13 4 1 3 9 2 6 7 8 0 10 11 12 5 14 15] = 37
[13 2 1 3 4 9 6 7 8 0 10 11 12 5 14 15] = 47
[13 6 1 3 4 2 9 7 8 0 10 11 12 5 14 15] = 37
[13 7 1 3 4 2 6 9 8 0 10 11 12 5 14 15] = 38
[13 8 1 3 4 2 6 7 9 0 10 11 12 5 14 15] = 37
[13 0 1 3 4 2 6 7 8 9 10 11 12 5 14 15] = 57
[13 10 1 3 4 2 6 7 8 0 9 11 12 5 14 15] = 37
[13 11 1 3 4 2 6 7 8 0 10 9 12 5 14 15] = 38
[13 12 1 3 4 2 6 7 8 0 10 11 9 5 14 15] = 38
[13 5 1 3 4 2 6 7 8 0 10 11 12 9 14 15] = 47
[13 14 1 3 4 2 6 7 8 0 10 11 12 5 9 15] = 37
[13 15 1 3 4 2 6 7 8 0 10 11 12 5 14 9] = 38
[13 9 3 1 4 2 6 7 8 0 10 11 12 5 14 15] = 36
[13 9 4 3 1 2 6 7 8 0 10 11 12 5 14 15] = 38
[13 9 2 3 4 1 6 7 8 0 10 11 12 5 14 15] = 56
[13 9 6 3 4 2 1 7 8 0 10 11 12 5 14 15] = 38
[13 9 7 3 4 2 6 1 8 0 10 11 12 5 14 15] = 38
[13 9 8 3 4 2 6 7 1 0 10 11 12 5 14 15] = 38
[13 9 0 3 4 2 6 7 8 1 10 11 12 5 14 15] = 47
[13 9 10 3 4 2 6 7 8 0 1 11 12 5 14 15] = 39
[13 9 11 3 4 2 6 7 8 0 10 1 12 5 14 15] = 38
[13 9 12 3 4 2 6 7 8 0 10 11 1 5 14 15] = 38
[13 9 5 3 4 2 6 7 8 0 10 11 12 1 14 15] = 47
[13 9 14 3 4 2 6 7 8 0 10 11 12 5 1 15] = 37
[13 9 15 3 4 2 6 7 8 0 10 11 12 5 14 1] = 38
[13 9 1 4 3 2 6 7 8 0 10 11 12 5 14 15] = 32
[13 9 1 2 4 3 6 7 8 0 10 11 12 5 14 15] = 38
[13 9 1 6 4 2 3 7 8 0 10 11 12 5 14 15] = 32
[13 9 1 7 4 2 6 3 8 0 10 11 12 5 14 15] = 31
[13 9 1 8 4 2 6 7 3 0 10 11 12 5 14 15] = 29
[13 9 1 0 4 2 6 7 8 3 10 11 12 5 14 15] = 39
[13 9 1 10 4 2 6 7 8 0 3 11 12 5 14 15] = 31
[13 9 1 11 4 2 6 7 8 0 10 3 12 5 14 15] = 33
[13 9 1 12 4 2 6 7 8 0 10 11 3 5 14 15] = 30
[13 9 1 5 4 2 6 7 8 0 10 11 12 3 14 15] = 38
[13 9 1 14 4 2 6 7 8 0 10 11 12 5 3 15] = 29
[13 9 1 15 4 2 6 7 8 0 10 11 12 5 14 3] = 31
[13 9 1 3 2 4 6 7 8 0 10 11 12 5 14 15] = 39
[13 9 1 3 6 2 4 7 8 0 10 11 12 5 14 15] = 31
[13 9 1 3 7 2 6 4 8 0 10 11 12 5 14 15] = 30
[13 9 1 3 8 2 6 7 4 0 10 11 12 5 14 15] = 31
[13 9 1 3 0 2 6 7 8 4 10 11 12 5 14 15] = 37
[13 9 1 3 10 2 6 7 8 0 4 11 12 5 14 15] = 31
[13 9 1 3 11 2 6 7 8 0 10 4 12 5 14 15] = 29
[13 9 1 3 12 2 6 7 8 0 10 11 4 5 14 15] = 33
[13 9 1 3 5 2 6 7 8 0 10 11 12 4 14 15] = 38
[13 9 1 3 14 2 6 7 8 0 10 11 12 5 4 15] = 31
[13 9 1 3 15 2 6 7 8 0 10 11 12 5 14 4] = 29
[13 9 1 3 4 6 2 7 8 0 10 11 12 5 14 15] = 37
[13 9 1 3 4 7 6 2 8 0 10 11 12 5 14 15] = 38
[13 9 1 3 4 8 6 7 2 0 10 11 12 5 14 15] = 38
[13 9 1 3 4 0 6 7 8 2 10 11 12 5 14 15] = 45
[13 9 1 3 4 10 6 7 8 0 2 11 12 5 14 15] = 38
[13 9 1 3 4 11 6 7 8 0 10 2 12 5 14 15] = 39
[13 9 1 3 4 12 6 7 8 0 10 11 2 5 14 15] = 37
[13 9 1 3 4 5 6 7 8 0 10 11 12 2 14 15] = 56
[13 9 1 3 4 14 6 7 8 0 10 11 12 5 2 15] = 37
[13 9 1 3 4 15 6 7 8 0 10 11 12 5 14 2] = 37
[13 9 1 3 4 2 7 6 8 0 10 11 12 5 14 15] = 32
[13 9 1 3 4 2 8 7 6 0 10 11 12 5 14 15] = 31
[13 9 1 3 4 2 0 7 8 6 10 11 12 5 14 15] = 38
[13 9 1 3 4 2 10 7 8 0 6 11 12 5 14 15] = 31
[13 9 1 3 4 2 11 7 8 0 10 6 12 5 14 15] = 29
[13 9 1 3 4 2 12 7 8 0 10 11 6 5 14 15] = 31
[13 9 1 3 4 2 5 7 8 0 10 11 12 6 14 15] = 37
[13 9 1 3 4 2 14 7 8 0 10 11 12 5 6 15] = 33
[13 9 1 3 4 2 15 7 8 0 10 11 12 5 14 6] = 30
[13 9 1 3 4 2 6 8 7 0 10 11 12 5 14 15] = 30
[13 9 1 3 4 2 6 0 8 7 10 11 12 5 14 15] = 38
[13 9 1 3 4 2 6 10 8 0 7 11 12 5 14 15] = 30
[13 9 1 3 4 2 6 11 8 0 10 7 12 5 14 15] = 31
[13 9 1 3 4 2 6 12 8 0 10 11 7 5 14 15] = 29
[13 9 1 3 4 2 6 5 8 0 10 11 12 7 14 15] = 38
[13 9 1 3 4 2 6 14 8 0 10 11 12 5 7 15] = 29
[13 9 1 3 4 2 6 15 8 0 10 11 12 5 14 7] = 33
[13 9 1 3 4 2 6 7 0 8 10 11 12 5 14 15] = 39
[13 9 1 3 4 2 6 7 10 0 8 11 12 5 14 15] = 31
[13 9 1 3 4 2 6 7 11 0 10 8 12 5 14 15] = 30
[13 9 1 3 4 2 6 7 12 0 10 11 8 5 14 15] = 31
[13 9 1 3 4 2 6 7 5 0 10 11 12 8 14 15] = 38
[13 9 1 3 4 2 6 7 14 0 10 11 12 5 8 15] = 31
[13 9 1 3 4 2 6 7 15 0 10 11 12 5 14 8] = 29
[13 9 1 3 4 2 6 7 8 10 0 11 12 5 14 15] = 37
[13 9 1 3 4 2 6 7 8 11 10 0 12 5 14 15] = 37
[13 9 1 3 4 2 6 7 8 12 10 11 0 5 14 15] = 37
[13 9 1 3 4 2 6 7 8 5 10 11 12 0 14 15] = 47
[13 9 1 3 4 2 6 7 8 14 10 11 12 5 0 15] = 37
[13 9 1 3 4 2 6 7 8 15 10 11 12 5 14 0] = 37
[13 9 1 3 4 2 6 7 8 0 11 10 12 5 14 15] = 30
[13 9 1 3 4 2 6 7 8 0 12 11 10 5 14 15] = 31
[13 9 1 3 4 2 6 7 8 0 5 11 12 10 14 15] = 37
[13 9 1 3 4 2 6 7 8 0 14 11 12 5 10 15] = 31
[13 9 1 3 4 2 6 7 8 0 15 11 12 5 14 10] = 29
[13 9 1 3 4 2 6 7 8 0 10 12 11 5 14 15] = 30
[13 9 1 3 4 2 6 7 8 0 10 5 12 11 14 15] = 38
[13 9 1 3 4 2 6 7 8 0 10 14 12 5 11 15] = 30
[13 9 1 3 4 2 6 7 8 0 10 15 12 5 14 11] = 29
[13 9 1 3 4 2 6 7 8 0 10 11 5 12 14 15] = 37
[13 9 1 3 4 2 6 7 8 0 10 11 14 5 12 15] = 29
[13 9 1 3 4 2 6 7 8 0 10 11 15 5 14 12] = 30
[13 9 1 3 4 2 6 7 8 0 10 11 12 14 5 15] = 37
[13 9 1 3 4 2 6 7 8 0 10 11 12 15 14 5] = 38
[13 9 1 3 4 2 6 7 8 0 10 11 12 5 15 14] = 30
choose: [13 9 1 4 3 2 6 7 8 0 10 11 12 5 14 15] = 32
[9 13 1 4 3 2 6 7 8 0 10 11 12 5 14 15] = 34
[1 9 13 4 3 2 6 7 8 0 10 11 12 5 14 15] = 32
[4 9 1 13 3 2 6 7 8 0 10 11 12 5 14 15] = 31
[3 9 1 4 13 2 6 7 8 0 10 11 12 5 14 15] = 30
[2 9 1 4 3 13 6 7 8 0 10 11 12 5 14 15] = 32
[6 9 1 4 3 2 13 7 8 0 10 11 12 5 14 15] = 25
[7 9 1 4 3 2 6 13 8 0 10 11 12 5 14 15] = 29
[8 9 1 4 3 2 6 7 13 0 10 11 12 5 14 15] = 26
[0 9 1 4 3 2 6 7 8 13 10 11 12 5 14 15] = 41
[10 9 1 4 3 2 6 7 8 0 13 11 12 5 14 15] = 26
[11 9 1 4 3 2 6 7 8 0 10 13 12 5 14 15] = 26
[12 9 1 4 3 2 6 7 8 0 10 11 13 5 14 15] = 27
[5 9 1 4 3 2 6 7 8 0 10 11 12 13 14 15] = 40
[14 9 1 4 3 2 6 7 8 0 10 11 12 5 13 15] = 28
[15 9 1 4 3 2 6 7 8 0 10 11 12 5 14 13] = 26
[13 1 9 4 3 2 6 7 8 0 10 11 12 5 14 15] = 39
[13 4 1 9 3 2 6 7 8 0 10 11 12 5 14 15] = 31
[13 3 1 4 9 2 6 7 8 0 10 11 12 5 14 15] = 30
[13 2 1 4 3 9 6 7 8 0 10 11 12 5 14 15] = 33
[13 6 1 4 3 2 9 7 8 0 10 11 12 5 14 15] = 28
[13 7 1 4 3 2 6 9 8 0 10 11 12 5 14 15] = 26
[13 8 1 4 3 2 6 7 9 0 10 11 12 5 14 15] = 27
[13 0 1 4 3 2 6 7 8 9 10 11 12 5 14 15] = 43
[13 10 1 4 3 2 6 7 8 0 9 11 12 5 14 15] = 27
[13 11 1 4 3 2 6 7 8 0 10 9 12 5 14 15] = 27
[13 12 1 4 3 2 6 7 8 0 10 11 9 5 14 15] = 27
[13 5 1 4 3 2 6 7 8 0 10 11 12 9 14 15] = 33
[13 14 1 4 3 2 6 7 8 0 10 11 12 5 9 15] = 26
[13 15 1 4 3 2 6 7 8 0 10 11 12 5 14 9] = 27
[13 9 4 1 3 2 6 7 8 0 10 11 12 5 14 15] = 29
[13 9 3 4 1 2 6 7 8 0 10 11 12 5 14 15] = 32
[13 9 2 4 3 1 6 7 8 0 10 11 12 5 14 15] = 37
[13 9 6 4 3 2 1 7 8 0 10 11 12 5 14 15] = 27
[13 9 7 4 3 2 6 1 8 0 10 11 12 5 14 15] = 25
[13 9 8 4 3 2 6 7 1 0 10 11 12 5 14 15] = 26
[13 9 0 4 3 2 6 7 8 1 10 11 12 5 14 15] = 33
[13 9 10 4 3 2 6 7 8 0 1 11 12 5 14 15] = 27
[13 9 11 4 3 2 6 7 8 0 10 1 12 5 14 15] = 26
[13 9 12 4 3 2 6 7 8 0 10 11 1 5 14 15] = 26
[13 9 5 4 3 2 6 7 8 0 10 11 12 1 14 15] = 35
[13 9 14 4 3 2 6 7 8 0 10 11 12 5 1 15] = 25
[13 9 15 4 3 2 6 7 8 0 10 11 12 5 14 1] = 26
[13 9 1 3 4 2 6 7 8 0 10 11 12 5 14 15] = 45
[13 9 1 2 3 4 6 7 8 0 10 11 12 5 14 15] = 35
[13 9 1 6 3 2 4 7 8 0 10 11 12 5 14 15] = 25
[13 9 1 7 3 2 6 4 8 0 10 11 12 5 14 15] = 25
[13 9 1 8 3 2 6 7 4 0 10 11 12 5 14 15] = 24
[13 9 1 0 3 2 6 7 8 4 10 11 12 5 14 15] = 33
[13 9 1 10 3 2 6 7 8 0 4 11 12 5 14 15] = 25
[13 9 1 11 3 2 6 7 8 0 10 4 12 5 14 15] = 25
[13 9 1 12 3 2 6 7 8 0 10 11 4 5 14 15] = 25
[13 9 1 5 3 2 6 7 8 0 10 11 12 4 14 15] = 31
[13 9 1 14 3 2 6 7 8 0 10 11 12 5 4 15] = 24
[13 9 1 15 3 2 6 7 8 0 10 11 12 5 14 4] = 24
[13 9 1 4 2 3 6 7 8 0 10 11 12 5 14 15] = 29
[13 9 1 4 6 2 3 7 8 0 10 11 12 5 14 15] = 25
[13 9 1 4 7 2 6 3 8 0 10 11 12 5 14 15] = 23
[13 9 1 4 8 2 6 7 3 0 10 11 12 5 14 15] = 23
[13 9 1 4 0 2 6 7 8 3 10 11 12 5 14 15] = 30
[13 9 1 4 10 2 6 7 8 0 3 11 12 5 14 15] = 24
[13 9 1 4 11 2 6 7 8 0 10 3 12 5 14 15] = 24
[13 9 1 4 12 2 6 7 8 0 10 11 3 5 14 15] = 25
[13 9 1 4 5 2 6 7 8 0 10 11 12 3 14 15] = 32
[13 9 1 4 14 2 6 7 8 0 10 11 12 5 3 15] = 23
[13 9 1 4 15 2 6 7 8 0 10 11 12 5 14 3] = 23
[13 9 1 4 3 6 2 7 8 0 10 11 12 5 14 15] = 24
[13 9 1 4 3 7 6 2 8 0 10 11 12 5 14 15] = 25
[13 9 1 4 3 8 6 7 2 0 10 11 12 5 14 15] = 25
[13 9 1 4 3 0 6 7 8 2 10 11 12 5 14 15] = 30
[13 9 1 4 3 10 6 7 8 0 2 11 12 5 14 15] = 25
[13 9 1 4 3 11 6 7 8 0 10 2 12 5 14 15] = 26
[13 9 1 4 3 12 6 7 8 0 10 11 2 5 14 15] = 24
[13 9 1 4 3 5 6 7 8 0 10 11 12 2 14 15] = 39
[13 9 1 4 3 14 6 7 8 0 10 11 12 5 2 15] = 24
[13 9 1 4 3 15 6 7 8 0 10 11 12 5 14 2] = 24
[13 9 1 4 3 2 7 6 8 0 10 11 12 5 14 15] = 25
[13 9 1 4 3 2 8 7 6 0 10 11 12 5 14 15] = 22
[13 9 1 4 3 2 0 7 8 6 10 11 12 5 14 15] = 26
[13 9 1 4 3 2 10 7 8 0 6 11 12 5 14 15] = 22
[13 9 1 4 3 2 11 7 8 0 10 6 12 5 14 15] = 20
[13 9 1 4 3 2 12 7 8 0 10 11 6 5 14 15] = 22
[13 9 1 4 3 2 5 7 8 0 10 11 12 6 14 15] = 27
[13 9 1 4 3 2 14 7 8 0 10 11 12 5 6 15] = 24
[13 9 1 4 3 2 15 7 8 0 10 11 12 5 14 6] = 21
[13 9 1 4 3 2 6 8 7 0 10 11 12 5 14 15] = 23
[13 9 1 4 3 2 6 0 8 7 10 11 12 5 14 15] = 29
[13 9 1 4 3 2 6 10 8 0 7 11 12 5 14 15] = 21
[13 9 1 4 3 2 6 11 8 0 10 7 12 5 14 15] = 22
[13 9 1 4 3 2 6 12 8 0 10 11 7 5 14 15] = 20
[13 9 1 4 3 2 6 5 8 0 10 11 12 7 14 15] = 27
[13 9 1 4 3 2 6 14 8 0 10 11 12 5 7 15] = 20
[13 9 1 4 3 2 6 15 8 0 10 11 12 5 14 7] = 24
[13 9 1 4 3 2 6 7 0 8 10 11 12 5 14 15] = 28
[13 9 1 4 3 2 6 7 10 0 8 11 12 5 14 15] = 22
[13 9 1 4 3 2 6 7 11 0 10 8 12 5 14 15] = 21
[13 9 1 4 3 2 6 7 12 0 10 11 8 5 14 15] = 22
[13 9 1 4 3 2 6 7 5 0 10 11 12 8 14 15] = 27
[13 9 1 4 3 2 6 7 14 0 10 11 12 5 8 15] = 22
[13 9 1 4 3 2 6 7 15 0 10 11 12 5 14 8] = 20
[13 9 1 4 3 2 6 7 8 10 0 11 12 5 14 15] = 27
[13 9 1 4 3 2 6 7 8 11 10 0 12 5 14 15] = 26
[13 9 1 4 3 2 6 7 8 12 10 11 0 5 14 15] = 26
[13 9 1 4 3 2 6 7 8 5 10 11 12 0 14 15] = 34
[13 9 1 4 3 2 6 7 8 14 10 11 12 5 0 15] = 26
[13 9 1 4 3 2 6 7 8 15 10 11 12 5 14 0] = 26
[13 9 1 4 3 2 6 7 8 0 11 10 12 5 14 15] = 23
[13 9 1 4 3 2 6 7 8 0 12 11 10 5 14 15] = 22
[13 9 1 4 3 2 6 7 8 0 5 11 12 10 14 15] = 26
[13 9 1 4 3 2 6 7 8 0 14 11 12 5 10 15] = 22
[13 9 1 4 3 2 6 7 8 0 15 11 12 5 14 10] = 20
[13 9 1 4 3 2 6 7 8 0 10 12 11 5 14 15] = 23
[13 9 1 4 3 2 6 7 8 0 10 5 12 11 14 15] = 27
[13 9 1 4 3 2 6 7 8 0 10 14 12 5 11 15] = 21
[13 9 1 4 3 2 6 7 8 0 10 15 12 5 14 11] = 20
[13 9 1 4 3 2 6 7 8 0 10 11 5 12 14 15] = 27
[13 9 1 4 3 2 6 7 8 0 10 11 14 5 12 15] = 20
[13 9 1 4 3 2 6 7 8 0 10 11 15 5 14 12] = 21
[13 9 1 4 3 2 6 7 8 0 10 11 12 14 5 15] = 27
[13 9 1 4 3 2 6 7 8 0 10 11 12 15 14 5] = 27
[13 9 1 4 3 2 6 7 8 0 10 11 12 5 15 14] = 23
choose: [13 9 1 8 3 2 6 7 4 0 10 11 12 5 14 15] = 24
[9 13 1 8 3 2 6 7 4 0 10 11 12 5 14 15] = 26
[1 9 13 8 3 2 6 7 4 0 10 11 12 5 14 15] = 23
[8 9 1 13 3 2 6 7 4 0 10 11 12 5 14 15] = 25
[3 9 1 8 13 2 6 7 4 0 10 11 12 5 14 15] = 23
[2 9 1 8 3 13 6 7 4 0 10 11 12 5 14 15] = 25
[6 9 1 8 3 2 13 7 4 0 10 11 12 5 14 15] = 17
[7 9 1 8 3 2 6 13 4 0 10 11 12 5 14 15] = 21
[4 9 1 8 3 2 6 7 13 0 10 11 12 5 14 15] = 24
[0 9 1 8 3 2 6 7 4 13 10 11 12 5 14 15] = 32
[10 9 1 8 3 2 6 7 4 0 13 11 12 5 14 15] = 19
[11 9 1 8 3 2 6 7 4 0 10 13 12 5 14 15] = 20
[12 9 1 8 3 2 6 7 4 0 10 11 13 5 14 15] = 20
[5 9 1 8 3 2 6 7 4 0 10 11 12 13 14 15] = 32
[14 9 1 8 3 2 6 7 4 0 10 11 12 5 13 15] = 21
[15 9 1 8 3 2 6 7 4 0 10 11 12 5 14 13] = 19
[13 1 9 8 3 2 6 7 4 0 10 11 12 5 14 15] = 31
[13 8 1 9 3 2 6 7 4 0 10 11 12 5 14 15] = 27
[13 3 1 8 9 2 6 7 4 0 10 11 12 5 14 15] = 24
[13 2 1 8 3 9 6 7 4 0 10 11 12 5 14 15] = 25
[13 6 1 8 3 2 9 7 4 0 10 11 12 5 14 15] = 20
[13 7 1 8 3 2 6 9 4 0 10 11 12 5 14 15] = 18
[13 4 1 8 3 2 6 7 9 0 10 11 12 5 14 15] = 23
[13 0 1 8 3 2 6 7 4 9 10 11 12 5 14 15] = 34
[13 10 1 8 3 2 6 7 4 0 9 11 12 5 14 15] = 21
[13 11 1 8 3 2 6 7 4 0 10 9 12 5 14 15] = 21
[13 12 1 8 3 2 6 7 4 0 10 11 9 5 14 15] = 20
[13 5 1 8 3 2 6 7 4 0 10 11 12 9 14 15] = 26
[13 14 1 8 3 2 6 7 4 0 10 11 12 5 9 15] = 19
[13 15 1 8 3 2 6 7 4 0 10 11 12 5 14 9] = 19
[13 9 8 1 3 2 6 7 4 0 10 11 12 5 14 15] = 24
[13 9 3 8 1 2 6 7 4 0 10 11 12 5 14 15] = 24
[13 9 2 8 3 1 6 7 4 0 10 11 12 5 14 15] = 30
[13 9 6 8 3 2 1 7 4 0 10 11 12 5 14 15] = 18
[13 9 7 8 3 2 6 1 4 0 10 11 12 5 14 15] = 19
[13 9 4 8 3 2 6 7 1 0 10 11 12 5 14 15] = 23
[13 9 0 8 3 2 6 7 4 1 10 11 12 5 14 15] = 25
[13 9 10 8 3 2 6 7 4 0 1 11 12 5 14 15] = 22
[13 9 11 8 3 2 6 7 4 0 10 1 12 5 14 15] = 20
[13 9 12 8 3 2 6 7 4 0 10 11 1 5 14 15] = 19
[13 9 5 8 3 2 6 7 4 0 10 11 12 1 14 15] = 26
[13 9 14 8 3 2 6 7 4 0 10 11 12 5 1 15] = 17
[13 9 15 8 3 2 6 7 4 0 10 11 12 5 14 1] = 18
[13 9 1 3 8 2 6 7 4 0 10 11 12 5 14 15] = 31
[13 9 1 2 3 8 6 7 4 0 10 11 12 5 14 15] = 26
[13 9 1 6 3 2 8 7 4 0 10 11 12 5 14 15] = 19
[13 9 1 7 3 2 6 8 4 0 10 11 12 5 14 15] = 19
[13 9 1 4 3 2 6 7 8 0 10 11 12 5 14 15] = 32
[13 9 1 0 3 2 6 7 4 8 10 11 12 5 14 15] = 28
[13 9 1 10 3 2 6 7 4 0 8 11 12 5 14 15] = 20
[13 9 1 11 3 2 6 7 4 0 10 8 12 5 14 15] = 21
[13 9 1 12 3 2 6 7 4 0 10 11 8 5 14 15] = 20
[13 9 1 5 3 2 6 7 4 0 10 11 12 8 14 15] = 24
[13 9 1 14 3 2 6 7 4 0 10 11 12 5 8 15] = 19
[13 9 1 15 3 2 6 7 4 0 10 11 12 5 14 8] = 19
[13 9 1 8 2 3 6 7 4 0 10 11 12 5 14 15] = 23
[13 9 1 8 6 2 3 7 4 0 10 11 12 5 14 15] = 18
[13 9 1 8 7 2 6 3 4 0 10 11 12 5 14 15] = 19
[13 9 1 8 4 2 6 7 3 0 10 11 12 5 14 15] = 29
[13 9 1 8 0 2 6 7 4 3 10 11 12 5 14 15] = 25
[13 9 1 8 10 2 6 7 4 0 3 11 12 5 14 15] = 18
[13 9 1 8 11 2 6 7 4 0 10 3 12 5 14 15] = 18
[13 9 1 8 12 2 6 7 4 0 10 11 3 5 14 15] = 18
[13 9 1 8 5 2 6 7 4 0 10 11 12 3 14 15] = 23
[13 9 1 8 14 2 6 7 4 0 10 11 12 5 3 15] = 17
[13 9 1 8 15 2 6 7 4 0 10 11 12 5 14 3] = 17
[13 9 1 8 3 6 2 7 4 0 10 11 12 5 14 15] = 18
[13 9 1 8 3 7 6 2 4 0 10 11 12 5 14 15] = 20
[13 9 1 8 3 4 6 7 2 0 10 11 12 5 14 15] = 26
[13 9 1 8 3 0 6 7 4 2 10 11 12 5 14 15] = 24
[13 9 1 8 3 10 6 7 4 0 2 11 12 5 14 15] = 21
[13 9 1 8 3 11 6 7 4 0 10 2 12 5 14 15] = 19
[13 9 1 8 3 12 6 7 4 0 10 11 2 5 14 15] = 18
[13 9 1 8 3 5 6 7 4 0 10 11 12 2 14 15] = 31
[13 9 1 8 3 14 6 7 4 0 10 11 12 5 2 15] = 17
[13 9 1 8 3 15 6 7 4 0 10 11 12 5 14 2] = 18
[13 9 1 8 3 2 7 6 4 0 10 11 12 5 14 15] = 17
[13 9 1 8 3 2 4 7 6 0 10 11 12 5 14 15] = 20
[13 9 1 8 3 2 0 7 4 6 10 11 12 5 14 15] = 18
[13 9 1 8 3 2 10 7 4 0 6 11 12 5 14 15] = 14
[13 9 1 8 3 2 11 7 4 0 10 6 12 5 14 15] = 14
[13 9 1 8 3 2 12 7 4 0 10 11 6 5 14 15] = 15
[13 9 1 8 3 2 5 7 4 0 10 11 12 6 14 15] = 20
[13 9 1 8 3 2 14 7 4 0 10 11 12 5 6 15] = 17
[13 9 1 8 3 2 15 7 4 0 10 11 12 5 14 6] = 14
[13 9 1 8 3 2 6 4 7 0 10 11 12 5 14 15] = 21
[13 9 1 8 3 2 6 0 4 7 10 11 12 5 14 15] = 20
[13 9 1 8 3 2 6 10 4 0 7 11 12 5 14 15] = 15
[13 9 1 8 3 2 6 11 4 0 10 7 12 5 14 15] = 17
[13 9 1 8 3 2 6 12 4 0 10 11 7 5 14 15] = 15
[13 9 1 8 3 2 6 5 4 0 10 11 12 7 14 15] = 21
[13 9 1 8 3 2 6 14 4 0 10 11 12 5 7 15] = 14
[13 9 1 8 3 2 6 15 4 0 10 11 12 5 14 7] = 18
[13 9 1 8 3 2 6 7 0 4 10 11 12 5 14 15] = 25
[13 9 1 8 3 2 6 7 10 0 4 11 12 5 14 15] = 19
[13 9 1 8 3 2 6 7 11 0 10 4 12 5 14 15] = 17
[13 9 1 8 3 2 6 7 12 0 10 11 4 5 14 15] = 19
[13 9 1 8 3 2 6 7 5 0 10 11 12 4 14 15] = 26
[13 9 1 8 3 2 6 7 14 0 10 11 12 5 4 15] = 19
[13 9 1 8 3 2 6 7 15 0 10 11 12 5 14 4] = 17
[13 9 1 8 3 2 6 7 4 10 0 11 12 5 14 15] = 19
[13 9 1 8 3 2 6 7 4 11 10 0 12 5 14 15] = 20
[13 9 1 8 3 2 6 7 4 12 10 11 0 5 14 15] = 20
[13 9 1 8 3 2 6 7 4 5 10 11 12 0 14 15] = 27
[13 9 1 8 3 2 6 7 4 14 10 11 12 5 0 15] = 20
[13 9 1 8 3 2 6 7 4 15 10 11 12 5 14 0] = 19
[13 9 1 8 3 2 6 7 4 0 11 10 12 5 14 15] = 16
[13 9 1 8 3 2 6 7 4 0 12 11 10 5 14 15] = 16
[13 9 1 8 3 2 6 7 4 0 5 11 12 10 14 15] = 19
[13 9 1 8 3 2 6 7 4 0 14 11 12 5 10 15] = 17
[13 9 1 8 3 2 6 7 4 0 15 11 12 5 14 10] = 15
[13 9 1 8 3 2 6 7 4 0 10 12 11 5 14 15] = 16
[13 9 1 8 3 2 6 7 4 0 10 5 12 11 14 15] = 19
[13 9 1 8 3 2 6 7 4 0 10 14 12 5 11 15] = 15
[13 9 1 8 3 2 6 7 4 0 10 15 12 5 14 11] = 15
[13 9 1 8 3 2 6 7 4 0 10 11 5 12 14 15] = 20
[13 9 1 8 3 2 6 7 4 0 10 11 14 5 12 15] = 14
[13 9 1 8 3 2 6 7 4 0 10 11 15 5 14 12] = 15
[13 9 1 8 3 2 6 7 4 0 10 11 12 14 5 15] = 19
[13 9 1 8 3 2 6 7 4 0 10 11 12 15 14 5] = 20
[13 9 1 8 3 2 6 7 4 0 10 11 12 5 15 14] = 16
choose: [13 9 1 8 3 2 10 7 4 0 6 11 12 5 14 15] = 14
[9 13 1 8 3 2 10 7 4 0 6 11 12 5 14 15] = 16
[1 9 13 8 3 2 10 7 4 0 6 11 12 5 14 15] = 13
[8 9 1 13 3 2 10 7 4 0 6 11 12 5 14 15] = 17
[3 9 1 8 13 2 10 7 4 0 6 11 12 5 14 15] = 13
[2 9 1 8 3 13 10 7 4 0 6 11 12 5 14 15] = 15
[10 9 1 8 3 2 13 7 4 0 6 11 12 5 14 15] = 14
[7 9 1 8 3 2 10 13 4 0 6 11 12 5 14 15] = 12
[4 9 1 8 3 2 10 7 13 0 6 11 12 5 14 15] = 15
[0 9 1 8 3 2 10 7 4 13 6 11 12 5 14 15] = 21
[6 9 1 8 3 2 10 7 4 0 13 11 12 5 14 15] = 12
[11 9 1 8 3 2 10 7 4 0 6 13 12 5 14 15] = 12
[12 9 1 8 3 2 10 7 4 0 6 11 13 5 14 15] = 11
[5 9 1 8 3 2 10 7 4 0 6 11 12 13 14 15] = 20
[14 9 1 8 3 2 10 7 4 0 6 11 12 5 13 15] = 13
[15 9 1 8 3 2 10 7 4 0 6 11 12 5 14 13] = 11
[13 1 9 8 3 2 10 7 4 0 6 11 12 5 14 15] = 19
[13 8 1 9 3 2 10 7 4 0 6 11 12 5 14 15] = 16
[13 3 1 8 9 2 10 7 4 0 6 11 12 5 14 15] = 14
[13 2 1 8 3 9 10 7 4 0 6 11 12 5 14 15] = 16
[13 10 1 8 3 2 9 7 4 0 6 11 12 5 14 15] = 14
[13 7 1 8 3 2 10 9 4 0 6 11 12 5 14 15] = 12
[13 4 1 8 3 2 10 7 9 0 6 11 12 5 14 15] = 13
[13 0 1 8 3 2 10 7 4 9 6 11 12 5 14 15] = 22
[13 6 1 8 3 2 10 7 4 0 9 11 12 5 14 15] = 17
[13 11 1 8 3 2 10 7 4 0 6 9 12 5 14 15] = 11
[13 12 1 8 3 2 10 7 4 0 6 11 9 5 14 15] = 12
[13 5 1 8 3 2 10 7 4 0 6 11 12 9 14 15] = 18
[13 14 1 8 3 2 10 7 4 0 6 11 12 5 9 15] = 11
[13 15 1 8 3 2 10 7 4 0 6 11 12 5 14 9] = 13
[13 9 8 1 3 2 10 7 4 0 6 11 12 5 14 15] = 14
[13 9 3 8 1 2 10 7 4 0 6 11 12 5 14 15] = 14
[13 9 2 8 3 1 10 7 4 0 6 11 12 5 14 15] = 19
[13 9 10 8 3 2 1 7 4 0 6 11 12 5 14 15] = 16
[13 9 7 8 3 2 10 1 4 0 6 11 12 5 14 15] = 11
[13 9 4 8 3 2 10 7 1 0 6 11 12 5 14 15] = 13
[13 9 0 8 3 2 10 7 4 1 6 11 12 5 14 15] = 15
[13 9 6 8 3 2 10 7 4 0 1 11 12 5 14 15] = 14
[13 9 11 8 3 2 10 7 4 0 6 1 12 5 14 15] = 11
[13 9 12 8 3 2 10 7 4 0 6 11 1 5 14 15] = 11
[13 9 5 8 3 2 10 7 4 0 6 11 12 1 14 15] = 16
[13 9 14 8 3 2 10 7 4 0 6 11 12 5 1 15] = 11
[13 9 15 8 3 2 10 7 4 0 6 11 12 5 14 1] = 12
[13 9 1 3 8 2 10 7 4 0 6 11 12 5 14 15] = 19
[13 9 1 2 3 8 10 7 4 0 6 11 12 5 14 15] = 16
[13 9 1 10 3 2 8 7 4 0 6 11 12 5 14 15] = 15
[13 9 1 7 3 2 10 8 4 0 6 11 12 5 14 15] = 12
[13 9 1 4 3 2 10 7 8 0 6 11 12 5 14 15] = 22
[13 9 1 0 3 2 10 7 4 8 6 11 12 5 14 15] = 18
[13 9 1 6 3 2 10 7 4 0 8 11 12 5 14 15] = 14
[13 9 1 11 3 2 10 7 4 0 6 8 12 5 14 15] = 13
[13 9 1 12 3 2 10 7 4 0 6 11 8 5 14 15] = 12
[13 9 1 5 3 2 10 7 4 0 6 11 12 8 14 15] = 14
[13 9 1 14 3 2 10 7 4 0 6 11 12 5 8 15] = 11
[13 9 1 15 3 2 10 7 4 0 6 11 12 5 14 8] = 11
[13 9 1 8 2 3 10 7 4 0 6 11 12 5 14 15] = 13
[13 9 1 8 10 2 3 7 4 0 6 11 12 5 14 15] = 14
[13 9 1 8 7 2 10 3 4 0 6 11 12 5 14 15] = 12
[13 9 1 8 4 2 10 7 3 0 6 11 12 5 14 15] = 17
[13 9 1 8 0 2 10 7 4 3 6 11 12 5 14 15] = 15
[13 9 1 8 6 2 10 7 4 0 3 11 12 5 14 15] = 12
[13 9 1 8 11 2 10 7 4 0 6 3 12 5 14 15] = 10
[13 9 1 8 12 2 10 7 4 0 6 11 3 5 14 15] = 12
[13 9 1 8 5 2 10 7 4 0 6 11 12 3 14 15] = 15
[13 9 1 8 14 2 10 7 4 0 6 11 12 5 3 15] = 9
[13 9 1 8 15 2 10 7 4 0 6 11 12 5 14 3] = 9
[13 9 1 8 3 10 2 7 4 0 6 11 12 5 14 15] = 15
[13 9 1 8 3 7 10 2 4 0 6 11 12 5 14 15] = 11
[13 9 1 8 3 4 10 7 2 0 6 11 12 5 14 15] = 16
[13 9 1 8 3 0 10 7 4 2 6 11 12 5 14 15] = 14
[13 9 1 8 3 6 10 7 4 0 2 11 12 5 14 15] = 14
[13 9 1 8 3 11 10 7 4 0 6 2 12 5 14 15] = 13
[13 9 1 8 3 12 10 7 4 0 6 11 2 5 14 15] = 10
[13 9 1 8 3 5 10 7 4 0 6 11 12 2 14 15] = 19
[13 9 1 8 3 14 10 7 4 0 6 11 12 5 2 15] = 11
[13 9 1 8 3 15 10 7 4 0 6 11 12 5 14 2] = 9
[13 9 1 8 3 2 7 10 4 0 6 11 12 5 14 15] = 10
[13 9 1 8 3 2 4 7 10 0 6 11 12 5 14 15] = 14
[13 9 1 8 3 2 0 7 4 10 6 11 12 5 14 15] = 13
[13 9 1 8 3 2 6 7 4 0 10 11 12 5 14 15] = 24
[13 9 1 8 3 2 11 7 4 0 6 10 12 5 14 15] = 12
[13 9 1 8 3 2 12 7 4 0 6 11 10 5 14 15] = 11
[13 9 1 8 3 2 5 7 4 0 6 11 12 10 14 15] = 17
[13 9 1 8 3 2 14 7 4 0 6 11 12 5 10 15] = 13
[13 9 1 8 3 2 15 7 4 0 6 11 12 5 14 10] = 9
[13 9 1 8 3 2 10 4 7 0 6 11 12 5 14 15] = 13
[13 9 1 8 3 2 10 0 4 7 6 11 12 5 14 15] = 14
[13 9 1 8 3 2 10 6 4 0 7 11 12 5 14 15] = 12
[13 9 1 8 3 2 10 11 4 0 6 7 12 5 14 15] = 13
[13 9 1 8 3 2 10 12 4 0 6 11 7 5 14 15] = 9
[13 9 1 8 3 2 10 5 4 0 6 11 12 7 14 15] = 11
[13 9 1 8 3 2 10 14 4 0 6 11 12 5 7 15] = 8
[13 9 1 8 3 2 10 15 4 0 6 11 12 5 14 7] = 12
[13 9 1 8 3 2 10 7 0 4 6 11 12 5 14 15] = 15
[13 9 1 8 3 2 10 7 6 0 4 11 12 5 14 15] = 15
[13 9 1 8 3 2 10 7 11 0 6 4 12 5 14 15] = 9
[13 9 1 8 3 2 10 7 12 0 6 11 4 5 14 15] = 13
[13 9 1 8 3 2 10 7 5 0 6 11 12 4 14 15] = 16
[13 9 1 8 3 2 10 7 14 0 6 11 12 5 4 15] = 11
[13 9 1 8 3 2 10 7 15 0 6 11 12 5 14 4] = 9
[13 9 1 8 3 2 10 7 4 6 0 11 12 5 14 15] = 14
[13 9 1 8 3 2 10 7 4 11 6 0 12 5 14 15] = 11
[13 9 1 8 3 2 10 7 4 12 6 11 0 5 14 15] = 11
[13 9 1 8 3 2 10 7 4 5 6 11 12 0 14 15] = 18
[13 9 1 8 3 2 10 7 4 14 6 11 12 5 0 15] = 12
[13 9 1 8 3 2 10 7 4 15 6 11 12 5 14 0] = 11
[13 9 1 8 3 2 10 7 4 0 11 6 12 5 14 15] = 8
[13 9 1 8 3 2 10 7 4 0 12 11 6 5 14 15] = 10
[13 9 1 8 3 2 10 7 4 0 5 11 12 6 14 15] = 12
[13 9 1 8 3 2 10 7 4 0 14 11 12 5 6 15] = 11
[13 9 1 8 3 2 10 7 4 0 15 11 12 5 14 6] = 10
[13 9 1 8 3 2 10 7 4 0 6 12 11 5 14 15] = 10
[13 9 1 8 3 2 10 7 4 0 6 5 12 11 14 15] = 13
[13 9 1 8 3 2 10 7 4 0 6 14 12 5 11 15] = 9
[13 9 1 8 3 2 10 7 4 0 6 15 12 5 14 11] = 11
[13 9 1 8 3 2 10 7 4 0 6 11 5 12 14 15] = 12
[13 9 1 8 3 2 10 7 4 0 6 11 14 5 12 15] = 8
[13 9 1 8 3 2 10 7 4 0 6 11 15 5 14 12] = 9
[13 9 1 8 3 2 10 7 4 0 6 11 12 14 5 15] = 11
[13 9 1 8 3 2 10 7 4 0 6 11 12 15 14 5] = 11
[13 9 1 8 3 2 10 7 4 0 6 11 12 5 15 14] = 10
choose: [13 9 1 8 11 2 10 7 4 0 6 3 12 5 14 15] = 10
[9 13 1 8 11 2 10 7 4 0 6 3 12 5 14 15] = 13
[1 9 13 8 11 2 10 7 4 0 6 3 12 5 14 15] = 11
[8 9 1 13 11 2 10 7 4 0 6 3 12 5 14 15] = 13
[11 9 1 8 13 2 10 7 4 0 6 3 12 5 14 15] = 11
[2 9 1 8 11 13 10 7 4 0 6 3 12 5 14 15] = 12
[10 9 1 8 11 2 13 7 4 0 6 3 12 5 14 15] = 11
[7 9 1 8 11 2 10 13 4 0 6 3 12 5 14 15] = 8
[4 9 1 8 11 2 10 7 13 0 6 3 12 5 14 15] = 11
[0 9 1 8 11 2 10 7 4 13 6 3 12 5 14 15] = 15
[6 9 1 8 11 2 10 7 4 0 13 3 12 5 14 15] = 8
[3 9 1 8 11 2 10 7 4 0 6 13 12 5 14 15] = 10
[12 9 1 8 11 2 10 7 4 0 6 3 13 5 14 15] = 8
[5 9 1 8 11 2 10 7 4 0 6 3 12 13 14 15] = 14
[14 9 1 8 11 2 10 7 4 0 6 3 12 5 13 15] = 10
[15 9 1 8 11 2 10 7 4 0 6 3 12 5 14 13] = 9
[13 1 9 8 11 2 10 7 4 0 6 3 12 5 14 15] = 16
[13 8 1 9 11 2 10 7 4 0 6 3 12 5 14 15] = 13
[13 11 1 8 9 2 10 7 4 0 6 3 12 5 14 15] = 13
[13 2 1 8 11 9 10 7 4 0 6 3 12 5 14 15] = 14
[13 10 1 8 11 2 9 7 4 0 6 3 12 5 14 15] = 11
[13 7 1 8 11 2 10 9 4 0 6 3 12 5 14 15] = 8
[13 4 1 8 11 2 10 7 9 0 6 3 12 5 14 15] = 9
[13 0 1 8 11 2 10 7 4 9 6 3 12 5 14 15] = 16
[13 6 1 8 11 2 10 7 4 0 9 3 12 5 14 15] = 11
[13 3 1 8 11 2 10 7 4 0 6 9 12 5 14 15] = 8
[13 12 1 8 11 2 10 7 4 0 6 3 9 5 14 15] = 9
[13 5 1 8 11 2 10 7 4 0 6 3 12 9 14 15] = 12
[13 14 1 8 11 2 10 7 4 0 6 3 12 5 9 15] = 9
[13 15 1 8 11 2 10 7 4 0 6 3 12 5 14 9] = 10
[13 9 8 1 11 2 10 7 4 0 6 3 12 5 14 15] = 11
[13 9 11 8 1 2 10 7 4 0 6 3 12 5 14 15] = 12
[13 9 2 8 11 1 10 7 4 0 6 3 12 5 14 15] = 16
[13 9 10 8 11 2 1 7 4 0 6 3 12 5 14 15] = 12
[13 9 7 8 11 2 10 1 4 0 6 3 12 5 14 15] = 8
[13 9 4 8 11 2 10 7 1 0 6 3 12 5 14 15] = 10
[13 9 0 8 11 2 10 7 4 1 6 3 12 5 14 15] = 13
[13 9 6 8 11 2 10 7 4 0 1 3 12 5 14 15] = 11
[13 9 3 8 11 2 10 7 4 0 6 1 12 5 14 15] = 9
[13 9 12 8 11 2 10 7 4 0 6 3 1 5 14 15] = 10
[13 9 5 8 11 2 10 7 4 0 6 3 12 1 14 15] = 12
[13 9 14 8 11 2 10 7 4 0 6 3 12 5 1 15] = 10
[13 9 15 8 11 2 10 7 4 0 6 3 12 5 14 1] = 10
[13 9 1 11 8 2 10 7 4 0 6 3 12 5 14 15] = 15
[13 9 1 2 11 8 10 7 4 0 6 3 12 5 14 15] = 12
[13 9 1 10 11 2 8 7 4 0 6 3 12 5 14 15] = 13
[13 9 1 7 11 2 10 8 4 0 6 3 12 5 14 15] = 9
[13 9 1 4 11 2 10 7 8 0 6 3 12 5 14 15] = 16
[13 9 1 0 11 2 10 7 4 8 6 3 12 5 14 15] = 13
[13 9 1 6 11 2 10 7 4 0 8 3 12 5 14 15] = 10
[13 9 1 3 11 2 10 7 4 0 6 8 12 5 14 15] = 13
[13 9 1 12 11 2 10 7 4 0 6 3 8 5 14 15] = 10
[13 9 1 5 11 2 10 7 4 0 6 3 12 8 14 15] = 9
[13 9 1 14 11 2 10 7 4 0 6 3 12 5 8 15] = 7
[13 9 1 15 11 2 10 7 4 0 6 3 12 5 14 8] = 8
[13 9 1 8 2 11 10 7 4 0 6 3 12 5 14 15] = 12
[13 9 1 8 10 2 11 7 4 0 6 3 12 5 14 15] = 12
[13 9 1 8 7 2 10 11 4 0 6 3 12 5 14 15] = 9
[13 9 1 8 4 2 10 7 11 0 6 3 12 5 14 15] = 13
[13 9 1 8 0 2 10 7 4 11 6 3 12 5 14 15] = 12
[13 9 1 8 6 2 10 7 4 0 11 3 12 5 14 15] = 9
[13 9 1 8 3 2 10 7 4 0 6 11 12 5 14 15] = 14
[13 9 1 8 12 2 10 7 4 0 6 3 11 5 14 15] = 11
[13 9 1 8 5 2 10 7 4 0 6 3 12 11 14 15] = 11
[13 9 1 8 14 2 10 7 4 0 6 3 12 5 11 15] = 9
[13 9 1 8 15 2 10 7 4 0 6 3 12 5 14 11] = 9
[13 9 1 8 11 10 2 7 4 0 6 3 12 5 14 15] = 13
[13 9 1 8 11 7 10 2 4 0 6 3 12 5 14 15] = 8
[13 9 1 8 11 4 10 7 2 0 6 3 12 5 14 15] = 12
[13 9 1 8 11 0 10 7 4 2 6 3 12 5 14 15] = 11
[13 9 1 8 11 6 10 7 4 0 2 3 12 5 14 15] = 12
[13 9 1 8 11 3 10 7 4 0 6 2 12 5 14 15] = 10
[13 9 1 8 11 12 10 7 4 0 6 3 2 5 14 15] = 10
[13 9 1 8 11 5 10 7 4 0 6 3 12 2 14 15] = 15
[13 9 1 8 11 14 10 7 4 0 6 3 12 5 2 15] = 9
[13 9 1 8 11 15 10 7 4 0 6 3 12 5 14 2] = 7
[13 9 1 8 11 2 7 10 4 0 6 3 12 5 14 15] = 6
[13 9 1 8 11 2 4 7 10 0 6 3 12 5 14 15] = 10
[13 9 1 8 11 2 0 7 4 10 6 3 12 5 14 15] = 9
[13 9 1 8 11 2 6 7 4 0 10 3 12 5 14 15] = 18
[13 9 1 8 11 2 3 7 4 0 6 10 12 5 14 15] = 10
[13 9 1 8 11 2 12 7 4 0 6 3 10 5 14 15] = 7
[13 9 1 8 11 2 5 7 4 0 6 3 12 10 14 15] = 11
[13 9 1 8 11 2 14 7 4 0 6 3 12 5 10 15] = 10
[13 9 1 8 11 2 15 7 4 0 6 3 12 5 14 10] = 6
[13 9 1 8 11 2 10 4 7 0 6 3 12 5 14 15] = 9
[13 9 1 8 11 2 10 0 4 7 6 3 12 5 14 15] = 9
[13 9 1 8 11 2 10 6 4 0 7 3 12 5 14 15] = 7
[13 9 1 8 11 2 10 3 4 0 6 7 12 5 14 15] = 12
[13 9 1 8 11 2 10 12 4 0 6 3 7 5 14 15] = 6
[13 9 1 8 11 2 10 5 4 0 6 3 12 7 14 15] = 6
[13 9 1 8 11 2 10 14 4 0 6 3 12 5 7 15] = 6
[13 9 1 8 11 2 10 15 4 0 6 3 12 5 14 7] = 8
[13 9 1 8 11 2 10 7 0 4 6 3 12 5 14 15] = 12
[13 9 1 8 11 2 10 7 6 0 4 3 12 5 14 15] = 13
[13 9 1 8 11 2 10 7 3 0 6 4 12 5 14 15] = 9
[13 9 1 8 11 2 10 7 12 0 6 3 4 5 14 15] = 11
[13 9 1 8 11 2 10 7 5 0 6 3 12 4 14 15] = 11
[13 9 1 8 11 2 10 7 14 0 6 3 12 5 4 15] = 7
[13 9 1 8 11 2 10 7 15 0 6 3 12 5 14 4] = 7
[13 9 1 8 11 2 10 7 4 6 0 3 12 5 14 15] = 11
[13 9 1 8 11 2 10 7 4 3 6 0 12 5 14 15] = 10
[13 9 1 8 11 2 10 7 4 12 6 3 0 5 14 15] = 8
[13 9 1 8 11 2 10 7 4 5 6 3 12 0 14 15] = 14
[13 9 1 8 11 2 10 7 4 14 6 3 12 5 0 15] = 10
[13 9 1 8 11 2 10 7 4 15 6 3 12 5 14 0] = 9
[13 9 1 8 11 2 10 7 4 0 3 6 12 5 14 15] = 7
[13 9 1 8 11 2 10 7 4 0 12 3 6 5 14 15] = 6
[13 9 1 8 11 2 10 7 4 0 5 3 12 6 14 15] = 8
[13 9 1 8 11 2 10 7 4 0 14 3 12 5 6 15] = 9
[13 9 1 8 11 2 10 7 4 0 15 3 12 5 14 6] = 7
[13 9 1 8 11 2 10 7 4 0 6 12 3 5 14 15] = 7
[13 9 1 8 11 2 10 7 4 0 6 5 12 3 14 15] = 13
[13 9 1 8 11 2 10 7 4 0 6 14 12 5 3 15] = 5
[13 9 1 8 11 2 10 7 4 0 6 15 12 5 14 3] = 7
[13 9 1 8 11 2 10 7 4 0 6 3 5 12 14 15] = 7
[13 9 1 8 11 2 10 7 4 0 6 3 14 5 12 15] = 6
[13 9 1 8 11 2 10 7 4 0 6 3 15 5 14 12] = 7
[13 9 1 8 11 2 10 7 4 0 6 3 12 14 5 15] = 7
[13 9 1 8 11 2 10 7 4 0 6 3 12 15 14 5] = 7
[13 9 1 8 11 2 10 7 4 0 6 3 12 5 15 14] = 7
choose: [13 9 1 14 11 2 10 7 4 0 6 3 12 5 8 15] = 7
[9 13 1 14 11 2 10 7 4 0 6 3 12 5 8 15] = 10
[1 9 13 14 11 2 10 7 4 0 6 3 12 5 8 15] = 9
[14 9 1 13 11 2 10 7 4 0 6 3 12 5 8 15] = 11
[11 9 1 14 13 2 10 7 4 0 6 3 12 5 8 15] = 9
[2 9 1 14 11 13 10 7 4 0 6 3 12 5 8 15] = 9
[10 9 1 14 11 2 13 7 4 0 6 3 12 5 8 15] = 8
[7 9 1 14 11 2 10 13 4 0 6 3 12 5 8 15] = 6
[4 9 1 14 11 2 10 7 13 0 6 3 12 5 8 15] = 7
[0 9 1 14 11 2 10 7 4 13 6 3 12 5 8 15] = 12
[6 9 1 14 11 2 10 7 4 0 13 3 12 5 8 15] = 5
[3 9 1 14 11 2 10 7 4 0 6 13 12 5 8 15] = 7
[12 9 1 14 11 2 10 7 4 0 6 3 13 5 8 15] = 6
[5 9 1 14 11 2 10 7 4 0 6 3 12 13 8 15] = 9
[8 9 1 14 11 2 10 7 4 0 6 3 12 5 13 15] = 9
[15 9 1 14 11 2 10 7 4 0 6 3 12 5 8 13] = 6
[13 1 9 14 11 2 10 7 4 0 6 3 12 5 8 15] = 11
[13 14 1 9 11 2 10 7 4 0 6 3 12 5 8 15] = 10
[13 11 1 14 9 2 10 7 4 0 6 3 12 5 8 15] = 9
[13 2 1 14 11 9 10 7 4 0 6 3 12 5 8 15] = 11
[13 10 1 14 11 2 9 7 4 0 6 3 12 5 8 15] = 7
[13 7 1 14 11 2 10 9 4 0 6 3 12 5 8 15] = 6
[13 4 1 14 11 2 10 7 9 0 6 3 12 5 8 15] = 7
[13 0 1 14 11 2 10 7 4 9 6 3 12 5 8 15] = 12
[13 6 1 14 11 2 10 7 4 0 9 3 12 5 8 15] = 7
[13 3 1 14 11 2 10 7 4 0 6 9 12 5 8 15] = 5
[13 12 1 14 11 2 10 7 4 0 6 3 9 5 8 15] = 8
[13 5 1 14 11 2 10 7 4 0 6 3 12 9 8 15] = 10
[13 8 1 14 11 2 10 7 4 0 6 3 12 5 9 15] = 9
[13 15 1 14 11 2 10 7 4 0 6 3 12 5 8 9] = 9
[13 9 14 1 11 2 10 7 4 0 6 3 12 5 8 15] = 9
[13 9 11 14 1 2 10 7 4 0 6 3 12 5 8 15] = 9
[13 9 2 14 11 1 10 7 4 0 6 3 12 5 8 15] = 12
[13 9 10 14 11 2 1 7 4 0 6 3 12 5 8 15] = 9
[13 9 7 14 11 2 10 1 4 0 6 3 12 5 8 15] = 6
[13 9 4 14 11 2 10 7 1 0 6 3 12 5 8 15] = 7
[13 9 0 14 11 2 10 7 4 1 6 3 12 5 8 15] = 10
[13 9 6 14 11 2 10 7 4 0 1 3 12 5 8 15] = 7
[13 9 3 14 11 2 10 7 4 0 6 1 12 5 8 15] = 6
[13 9 12 14 11 2 10 7 4 0 6 3 1 5 8 15] = 8
[13 9 5 14 11 2 10 7 4 0 6 3 12 1 8 15] = 9
[13 9 8 14 11 2 10 7 4 0 6 3 12 5 1 15] = 9
[13 9 15 14 11 2 10 7 4 0 6 3 12 5 8 1] = 9
[13 9 1 11 14 2 10 7 4 0 6 3 12 5 8 15] = 11
[13 9 1 2 11 14 10 7 4 0 6 3 12 5 8 15] = 8
[13 9 1 10 11 2 14 7 4 0 6 3 12 5 8 15] = 9
[13 9 1 7 11 2 10 14 4 0 6 3 12 5 8 15] = 7
[13 9 1 4 11 2 10 7 14 0 6 3 12 5 8 15] = 8
[13 9 1 0 11 2 10 7 4 14 6 3 12 5 8 15] = 9
[13 9 1 6 11 2 10 7 4 0 14 3 12 5 8 15] = 8
[13 9 1 3 11 2 10 7 4 0 6 14 12 5 8 15] = 8
[13 9 1 12 11 2 10 7 4 0 6 3 14 5 8 15] = 6
[13 9 1 5 11 2 10 7 4 0 6 3 12 14 8 15] = 6
[13 9 1 8 11 2 10 7 4 0 6 3 12 5 14 15] = 10
[13 9 1 15 11 2 10 7 4 0 6 3 12 5 8 14] = 7
[13 9 1 14 2 11 10 7 4 0 6 3 12 5 8 15] = 9
[13 9 1 14 10 2 11 7 4 0 6 3 12 5 8 15] = 9
[13 9 1 14 7 2 10 11 4 0 6 3 12 5 8 15] = 6
[13 9 1 14 4 2 10 7 11 0 6 3 12 5 8 15] = 9
[13 9 1 14 0 2 10 7 4 11 6 3 12 5 8 15] = 9
[13 9 1 14 6 2 10 7 4 0 11 3 12 5 8 15] = 6
[13 9 1 14 3 2 10 7 4 0 6 11 12 5 8 15] = 11
[13 9 1 14 12 2 10 7 4 0 6 3 11 5 8 15] = 9
[13 9 1 14 5 2 10 7 4 0 6 3 12 11 8 15] = 8
[13 9 1 14 8 2 10 7 4 0 6 3 12 5 11 15] = 10
[13 9 1 14 15 2 10 7 4 0 6 3 12 5 8 11] = 8
[13 9 1 14 11 10 2 7 4 0 6 3 12 5 8 15] = 9
[13 9 1 14 11 7 10 2 4 0 6 3 12 5 8 15] = 6
[13 9 1 14 11 4 10 7 2 0 6 3 12 5 8 15] = 10
[13 9 1 14 11 0 10 7 4 2 6 3 12 5 8 15] = 7
[13 9 1 14 11 6 10 7 4 0 2 3 12 5 8 15] = 8
[13 9 1 14 11 3 10 7 4 0 6 2 12 5 8 15] = 7
[13 9 1 14 11 12 10 7 4 0 6 3 2 5 8 15] = 9
[13 9 1 14 11 5 10 7 4 0 6 3 12 2 8 15] = 11
[13 9 1 14 11 8 10 7 4 0 6 3 12 5 2 15] = 10
[13 9 1 14 11 15 10 7 4 0 6 3 12 5 8 2] = 6
[13 9 1 14 11 2 7 10 4 0 6 3 12 5 8 15] = 5
[13 9 1 14 11 2 4 7 10 0 6 3 12 5 8 15] = 7
[13 9 1 14 11 2 0 7 4 10 6 3 12 5 8 15] = 7
[13 9 1 14 11 2 6 7 4 0 10 3 12 5 8 15] = 13
[13 9 1 14 11 2 3 7 4 0 6 10 12 5 8 15] = 7
[13 9 1 14 11 2 12 7 4 0 6 3 10 5 8 15] = 6
[13 9 1 14 11 2 5 7 4 0 6 3 12 10 8 15] = 7
[13 9 1 14 11 2 8 7 4 0 6 3 12 5 10 15] = 11
[13 9 1 14 11 2 15 7 4 0 6 3 12 5 8 10] = 4
[13 9 1 14 11 2 10 4 7 0 6 3 12 5 8 15] = 6
[13 9 1 14 11 2 10 0 4 7 6 3 12 5 8 15] = 7
[13 9 1 14 11 2 10 6 4 0 7 3 12 5 8 15] = 6
[13 9 1 14 11 2 10 3 4 0 6 7 12 5 8 15] = 10
[13 9 1 14 11 2 10 12 4 0 6 3 7 5 8 15] = 4
[13 9 1 14 11 2 10 5 4 0 6 3 12 7 8 15] = 5
[13 9 1 14 11 2 10 8 4 0 6 3 12 5 7 15] = 5
[13 9 1 14 11 2 10 15 4 0 6 3 12 5 8 7] = 9
[13 9 1 14 11 2 10 7 0 4 6 3 12 5 8 15] = 9
[13 9 1 14 11 2 10 7 6 0 4 3 12 5 8 15] = 11
[13 9 1 14 11 2 10 7 3 0 6 4 12 5 8 15] = 5
[13 9 1 14 11 2 10 7 12 0 6 3 4 5 8 15] = 9
[13 9 1 14 11 2 10 7 5 0 6 3 12 4 8 15] = 9
[13 9 1 14 11 2 10 7 8 0 6 3 12 5 4 15] = 12
[13 9 1 14 11 2 10 7 15 0 6 3 12 5 8 4] = 5
[13 9 1 14 11 2 10 7 4 6 0 3 12 5 8 15] = 8
[13 9 1 14 11 2 10 7 4 3 6 0 12 5 8 15] = 7
[13 9 1 14 11 2 10 7 4 12 6 3 0 5 8 15] = 6
[13 9 1 14 11 2 10 7 4 5 6 3 12 0 8 15] = 11
[13 9 1 14 11 2 10 7 4 8 6 3 12 5 0 15] = 11
[13 9 1 14 11 2 10 7 4 15 6 3 12 5 8 0] = 7
[13 9 1 14 11 2 10 7 4 0 3 6 12 5 8 15] = 5
[13 9 1 14 11 2 10 7 4 0 12 3 6 5 8 15] = 6
[13 9 1 14 11 2 10 7 4 0 5 3 12 6 8 15] = 5
[13 9 1 14 11 2 10 7 4 0 8 3 12 5 6 15] = 8
[13 9 1 14 11 2 10 7 4 0 15 3 12 5 8 6] = 4
[13 9 1 14 11 2 10 7 4 0 6 12 3 5 8 15] = 5
[13 9 1 14 11 2 10 7 4 0 6 5 12 3 8 15] = 11
[13 9 1 14 11 2 10 7 4 0 6 8 12 5 3 15] = 7
[13 9 1 14 11 2 10 7 4 0 6 15 12 5 8 3] = 5
[13 9 1 14 11 2 10 7 4 0 6 3 5 12 8 15] = 6
[13 9 1 14 11 2 10 7 4 0 6 3 8 5 12 15] = 7
[13 9 1 14 11 2 10 7 4 0 6 3 15 5 8 12] = 6
[13 9 1 14 11 2 10 7 4 0 6 3 12 8 5 15] = 7
[13 9 1 14 11 2 10 7 4 0 6 3 12 15 8 5] = 4
[13 9 1 14 11 2 10 7 4 0 6 3 12 5 15 8] = 5
choose: [13 3 1 14 11 2 10 7 4 0 6 9 12 5 8 15] = 5
[3 13 1 14 11 2 10 7 4 0 6 9 12 5 8 15] = 7
[1 3 13 14 11 2 10 7 4 0 6 9 12 5 8 15] = 7
[14 3 1 13 11 2 10 7 4 0 6 9 12 5 8 15] = 8
[11 3 1 14 13 2 10 7 4 0 6 9 12 5 8 15] = 7
[2 3 1 14 11 13 10 7 4 0 6 9 12 5 8 15] = 7
[10 3 1 14 11 2 13 7 4 0 6 9 12 5 8 15] = 5
[7 3 1 14 11 2 10 13 4 0 6 9 12 5 8 15] = 6
[4 3 1 14 11 2 10 7 13 0 6 9 12 5 8 15] = 6
[0 3 1 14 11 2 10 7 4 13 6 9 12 5 8 15] = 10
[6 3 1 14 11 2 10 7 4 0 13 9 12 5 8 15] = 3
[9 3 1 14 11 2 10 7 4 0 6 13 12 5 8 15] = 8
[12 3 1 14 11 2 10 7 4 0 6 9 13 5 8 15] = 4
[5 3 1 14 11 2 10 7 4 0 6 9 12 13 8 15] = 8
[8 3 1 14 11 2 10 7 4 0 6 9 12 5 13 15] = 6
[15 3 1 14 11 2 10 7 4 0 6 9 12 5 8 13] = 5
[13 1 3 14 11 2 10 7 4 0 6 9 12 5 8 15] = 8
[13 14 1 3 11 2 10 7 4 0 6 9 12 5 8 15] = 10
[13 11 1 14 3 2 10 7 4 0 6 9 12 5 8 15] = 8
[13 2 1 14 11 3 10 7 4 0 6 9 12 5 8 15] = 7
[13 10 1 14 11 2 3 7 4 0 6 9 12 5 8 15] = 6
[13 7 1 14 11 2 10 3 4 0 6 9 12 5 8 15] = 5
[13 4 1 14 11 2 10 7 3 0 6 9 12 5 8 15] = 4
[13 0 1 14 11 2 10 7 4 3 6 9 12 5 8 15] = 8
[13 6 1 14 11 2 10 7 4 0 3 9 12 5 8 15] = 5
[13 9 1 14 11 2 10 7 4 0 6 3 12 5 8 15] = 7
[13 12 1 14 11 2 10 7 4 0 6 9 3 5 8 15] = 7
[13 5 1 14 11 2 10 7 4 0 6 9 12 3 8 15] = 8
[13 8 1 14 11 2 10 7 4 0 6 9 12 5 3 15] = 8
[13 15 1 14 11 2 10 7 4 0 6 9 12 5 8 3] = 6
[13 3 14 1 11 2 10 7 4 0 6 9 12 5 8 15] = 9
[13 3 11 14 1 2 10 7 4 0 6 9 12 5 8 15] = 7
[13 3 2 14 11 1 10 7 4 0 6 9 12 5 8 15] = 11
[13 3 10 14 11 2 1 7 4 0 6 9 12 5 8 15] = 6
[13 3 7 14 11 2 10 1 4 0 6 9 12 5 8 15] = 5
[13 3 4 14 11 2 10 7 1 0 6 9 12 5 8 15] = 6
[13 3 0 14 11 2 10 7 4 1 6 9 12 5 8 15] = 7
[13 3 6 14 11 2 10 7 4 0 1 9 12 5 8 15] = 5
[13 3 9 14 11 2 10 7 4 0 6 1 12 5 8 15] = 7
[13 3 12 14 11 2 10 7 4 0 6 9 1 5 8 15] = 5
[13 3 5 14 11 2 10 7 4 0 6 9 12 1 8 15] = 7
[13 3 8 14 11 2 10 7 4 0 6 9 12 5 1 15] = 6
[13 3 15 14 11 2 10 7 4 0 6 9 12 5 8 1] = 7
[13 3 1 11 14 2 10 7 4 0 6 9 12 5 8 15] = 7
[13 3 1 2 11 14 10 7 4 0 6 9 12 5 8 15] = 6
[13 3 1 10 11 2 14 7 4 0 6 9 12 5 8 15] = 7
[13 3 1 7 11 2 10 14 4 0 6 9 12 5 8 15] = 5
[13 3 1 4 11 2 10 7 14 0 6 9 12 5 8 15] = 6
[13 3 1 0 11 2 10 7 4 14 6 9 12 5 8 15] = 7
[13 3 1 6 11 2 10 7 4 0 14 9 12 5 8 15] = 6
[13 3 1 9 11 2 10 7 4 0 6 14 12 5 8 15] = 6
[13 3 1 12 11 2 10 7 4 0 6 9 14 5 8 15] = 5
[13 3 1 5 11 2 10 7 4 0 6 9 12 14 8 15] = 6
[13 3 1 8 11 2 10 7 4 0 6 9 12 5 14 15] = 8
[13 3 1 15 11 2 10 7 4 0 6 9 12 5 8 14] = 5
[13 3 1 14 2 11 10 7 4 0 6 9 12 5 8 15] = 8
[13 3 1 14 10 2 11 7 4 0 6 9 12 5 8 15] = 6
[13 3 1 14 7 2 10 11 4 0 6 9 12 5 8 15] = 5
[13 3 1 14 4 2 10 7 11 0 6 9 12 5 8 15] = 7
[13 3 1 14 0 2 10 7 4 11 6 9 12 5 8 15] = 10
[13 3 1 14 6 2 10 7 4 0 11 9 12 5 8 15] = 4
[13 3 1 14 9 2 10 7 4 0 6 11 12 5 8 15] = 10
[13 3 1 14 12 2 10 7 4 0 6 9 11 5 8 15] = 6
[13 3 1 14 5 2 10 7 4 0 6 9 12 11 8 15] = 8
[13 3 1 14 8 2 10 7 4 0 6 9 12 5 11 15] = 8
[13 3 1 14 15 2 10 7 4 0 6 9 12 5 8 11] = 6
[13 3 1 14 11 10 2 7 4 0 6 9 12 5 8 15] = 7
[13 3 1 14 11 7 10 2 4 0 6 9 12 5 8 15] = 6
[13 3 1 14 11 4 10 7 2 0 6 9 12 5 8 15] = 7
[13 3 1 14 11 0 10 7 4 2 6 9 12 5 8 15] = 5
[13 3 1 14 11 6 10 7 4 0 2 9 12 5 8 15] = 5
[13 3 1 14 11 9 10 7 4 0 6 2 12 5 8 15] = 9
[13 3 1 14 11 12 10 7 4 0 6 9 2 5 8 15] = 6
[13 3 1 14 11 5 10 7 4 0 6 9 12 2 8 15] = 9
[13 3 1 14 11 8 10 7 4 0 6 9 12 5 2 15] = 8
[13 3 1 14 11 15 10 7 4 0 6 9 12 5 8 2] = 5
[13 3 1 14 11 2 7 10 4 0 6 9 12 5 8 15] = 4
[13 3 1 14 11 2 4 7 10 0 6 9 12 5 8 15] = 6
[13 3 1 14 11 2 0 7 4 10 6 9 12 5 8 15] = 5
[13 3 1 14 11 2 6 7 4 0 10 9 12 5 8 15] = 12
[13 3 1 14 11 2 9 7 4 0 6 10 12 5 8 15] = 6
[13 3 1 14 11 2 12 7 4 0 6 9 10 5 8 15] = 5
[13 3 1 14 11 2 5 7 4 0 6 9 12 10 8 15] = 6
[13 3 1 14 11 2 8 7 4 0 6 9 12 5 10 15] = 9
[13 3 1 14 11 2 15 7 4 0 6 9 12 5 8 10] = 2
[13 3 1 14 11 2 10 4 7 0 6 9 12 5 8 15] = 5
[13 3 1 14 11 2 10 0 4 7 6 9 12 5 8 15] = 7
[13 3 1 14 11 2 10 6 4 0 7 9 12 5 8 15] = 5
[13 3 1 14 11 2 10 9 4 0 6 7 12 5 8 15] = 9
[13 3 1 14 11 2 10 12 4 0 6 9 7 5 8 15] = 3
[13 3 1 14 11 2 10 5 4 0 6 9 12 7 8 15] = 7
[13 3 1 14 11 2 10 8 4 0 6 9 12 5 7 15] = 4
[13 3 1 14 11 2 10 15 4 0 6 9 12 5 8 7] = 6
[13 3 1 14 11 2 10 7 0 4 6 9 12 5 8 15] = 6
[13 3 1 14 11 2 10 7 6 0 4 9 12 5 8 15] = 8
[13 3 1 14 11 2 10 7 9 0 6 4 12 5 8 15] = 6
[13 3 1 14 11 2 10 7 12 0 6 9 4 5 8 15] = 7
[13 3 1 14 11 2 10 7 5 0 6 9 12 4 8 15] = 8
[13 3 1 14 11 2 10 7 8 0 6 9 12 5 4 15] = 10
[13 3 1 14 11 2 10 7 15 0 6 9 12 5 8 4] = 3
[13 3 1 14 11 2 10 7 4 6 0 9 12 5 8 15] = 5
[13 3 1 14 11 2 10 7 4 9 6 0 12 5 8 15] = 9
[13 3 1 14 11 2 10 7 4 12 6 9 0 5 8 15] = 4
[13 3 1 14 11 2 10 7 4 5 6 9 12 0 8 15] = 9
[13 3 1 14 11 2 10 7 4 8 6 9 12 5 0 15] = 8
[13 3 1 14 11 2 10 7 4 15 6 9 12 5 8 0] = 5
[13 3 1 14 11 2 10 7 4 0 9 6 12 5 8 15] = 5
[13 3 1 14 11 2 10 7 4 0 12 9 6 5 8 15] = 5
[13 3 1 14 11 2 10 7 4 0 5 9 12 6 8 15] = 4
[13 3 1 14 11 2 10 7 4 0 8 9 12 5 6 15] = 7
[13 3 1 14 11 2 10 7 4 0 15 9 12 5 8 6] = 2
[13 3 1 14 11 2 10 7 4 0 6 12 9 5 8 15] = 4
[13 3 1 14 11 2 10 7 4 0 6 5 12 9 8 15] = 11
[13 3 1 14 11 2 10 7 4 0 6 8 12 5 9 15] = 6
[13 3 1 14 11 2 10 7 4 0 6 15 12 5 8 9] = 6
[13 3 1 14 11 2 10 7 4 0 6 9 5 12 8 15] = 5
[13 3 1 14 11 2 10 7 4 0 6 9 8 5 12 15] = 7
[13 3 1 14 11 2 10 7 4 0 6 9 15 5 8 12] = 4
[13 3 1 14 11 2 10 7 4 0 6 9 12 8 5 15] = 6
[13 3 1 14 11 2 10 7 4 0 6 9 12 15 8 5] = 5
[13 3 1 14 11 2 10 7 4 0 6 9 12 5 15 8] = 3
choose: [13 3 1 14 11 2 15 7 4 0 6 9 12 5 8 10] = 2
[3 13 1 14 11 2 15 7 4 0 6 9 12 5 8 10] = 4
[1 3 13 14 11 2 15 7 4 0 6 9 12 5 8 10] = 4
[14 3 1 13 11 2 15 7 4 0 6 9 12 5 8 10] = 4
[11 3 1 14 13 2 15 7 4 0 6 9 12 5 8 10] = 5
[2 3 1 14 11 13 15 7 4 0 6 9 12 5 8 10] = 4
[15 3 1 14 11 2 13 7 4 0 6 9 12 5 8 10] = 4
[7 3 1 14 11 2 15 13 4 0 6 9 12 5 8 10] = 4
[4 3 1 14 11 2 15 7 13 0 6 9 12 5 8 10] = 3
[0 3 1 14 11 2 15 7 4 13 6 9 12 5 8 10] = 5
[6 3 1 14 11 2 15 7 4 0 13 9 12 5 8 10] = 1
[9 3 1 14 11 2 15 7 4 0 6 13 12 5 8 10] = 6
[12 3 1 14 11 2 15 7 4 0 6 9 13 5 8 10] = 3
[5 3 1 14 11 2 15 7 4 0 6 9 12 13 8 10] = 4
[8 3 1 14 11 2 15 7 4 0 6 9 12 5 13 10] = 3
[10 3 1 14 11 2 15 7 4 0 6 9 12 5 8 13] = 3
[13 1 3 14 11 2 15 7 4 0 6 9 12 5 8 10] = 4
[13 14 1 3 11 2 15 7 4 0 6 9 12 5 8 10] = 6
[13 11 1 14 3 2 15 7 4 0 6 9 12 5 8 10] = 5
[13 2 1 14 11 3 15 7 4 0 6 9 12 5 8 10] = 4
[13 15 1 14 11 2 3 7 4 0 6 9 12 5 8 10] = 5
[13 7 1 14 11 2 15 3 4 0 6 9 12 5 8 10] = 3
[13 4 1 14 11 2 15 7 3 0 6 9 12 5 8 10] = 2
[13 0 1 14 11 2 15 7 4 3 6 9 12 5 8 10] = 5
[13 6 1 14 11 2 15 7 4 0 3 9 12 5 8 10] = 3
[13 9 1 14 11 2 15 7 4 0 6 3 12 5 8 10] = 4
[13 12 1 14 11 2 15 7 4 0 6 9 3 5 8 10] = 5
[13 5 1 14 11 2 15 7 4 0 6 9 12 3 8 10] = 3
[13 8 1 14 11 2 15 7 4 0 6 9 12 5 3 10] = 5
[13 10 1 14 11 2 15 7 4 0 6 9 12 5 8 3] = 4
[13 3 14 1 11 2 15 7 4 0 6 9 12 5 8 10] = 5
[13 3 11 14 1 2 15 7 4 0 6 9 12 5 8 10] = 5
[13 3 2 14 11 1 15 7 4 0 6 9 12 5 8 10] = 7
[13 3 15 14 11 2 1 7 4 0 6 9 12 5 8 10] = 6
[13 3 7 14 11 2 15 1 4 0 6 9 12 5 8 10] = 3
[13 3 4 14 11 2 15 7 1 0 6 9 12 5 8 10] = 3
[13 3 0 14 11 2 15 7 4 1 6 9 12 5 8 10] = 4
[13 3 6 14 11 2 15 7 4 0 1 9 12 5 8 10] = 2
[13 3 9 14 11 2 15 7 4 0 6 1 12 5 8 10] = 4
[13 3 12 14 11 2 15 7 4 0 6 9 1 5 8 10] = 3
[13 3 5 14 11 2 15 7 4 0 6 9 12 1 8 10] = 4
[13 3 8 14 11 2 15 7 4 0 6 9 12 5 1 10] = 3
[13 3 10 14 11 2 15 7 4 0 6 9 12 5 8 1] = 4
[13 3 1 11 14 2 15 7 4 0 6 9 12 5 8 10] = 4
[13 3 1 2 11 14 15 7 4 0 6 9 12 5 8 10] = 4
[13 3 1 15 11 2 14 7 4 0 6 9 12 5 8 10] = 4
[13 3 1 7 11 2 15 14 4 0 6 9 12 5 8 10] = 3
[13 3 1 4 11 2 15 7 14 0 6 9 12 5 8 10] = 3
[13 3 1 0 11 2 15 7 4 14 6 9 12 5 8 10] = 4
[13 3 1 6 11 2 15 7 4 0 14 9 12 5 8 10] = 3
[13 3 1 9 11 2 15 7 4 0 6 14 12 5 8 10] = 4
[13 3 1 12 11 2 15 7 4 0 6 9 14 5 8 10] = 4
[13 3 1 5 11 2 15 7 4 0 6 9 12 14 8 10] = 3
[13 3 1 8 11 2 15 7 4 0 6 9 12 5 14 10] = 4
[13 3 1 10 11 2 15 7 4 0 6 9 12 5 8 14] = 5
[13 3 1 14 2 11 15 7 4 0 6 9 12 5 8 10] = 4
[13 3 1 14 15 2 11 7 4 0 6 9 12 5 8 10] = 4
[13 3 1 14 7 2 15 11 4 0 6 9 12 5 8 10] = 2
[13 3 1 14 4 2 15 7 11 0 6 9 12 5 8 10] = 3
[13 3 1 14 0 2 15 7 4 11 6 9 12 5 8 10] = 7
[13 3 1 14 6 2 15 7 4 0 11 9 12 5 8 10] = 3
[13 3 1 14 9 2 15 7 4 0 6 11 12 5 8 10] = 6
[13 3 1 14 12 2 15 7 4 0 6 9 11 5 8 10] = 3
[13 3 1 14 5 2 15 7 4 0 6 9 12 11 8 10] = 5
[13 3 1 14 8 2 15 7 4 0 6 9 12 5 11 10] = 5
[13 3 1 14 10 2 15 7 4 0 6 9 12 5 8 11] = 5
[13 3 1 14 11 15 2 7 4 0 6 9 12 5 8 10] = 5
[13 3 1 14 11 7 15 2 4 0 6 9 12 5 8 10] = 5
[13 3 1 14 11 4 15 7 2 0 6 9 12 5 8 10] = 4
[13 3 1 14 11 0 15 7 4 2 6 9 12 5 8 10] = 3
[13 3 1 14 11 6 15 7 4 0 2 9 12 5 8 10] = 3
[13 3 1 14 11 9 15 7 4 0 6 2 12 5 8 10] = 5
[13 3 1 14 11 12 15 7 4 0 6 9 2 5 8 10] = 4
[13 3 1 14 11 5 15 7 4 0 6 9 12 2 8 10] = 5
[13 3 1 14 11 8 15 7 4 0 6 9 12 5 2 10] = 4
[13 3 1 14 11 10 15 7 4 0 6 9 12 5 8 2] = 4
[13 3 1 14 11 2 7 15 4 0 6 9 12 5 8 10] = 3
[13 3 1 14 11 2 4 7 15 0 6 9 12 5 8 10] = 3
[13 3 1 14 11 2 0 7 4 15 6 9 12 5 8 10] = 4
[13 3 1 14 11 2 6 7 4 0 15 9 12 5 8 10] = 5
[13 3 1 14 11 2 9 7 4 0 6 15 12 5 8 10] = 3
[13 3 1 14 11 2 12 7 4 0 6 9 15 5 8 10] = 2
[13 3 1 14 11 2 5 7 4 0 6 9 12 15 8 10] = 4
[13 3 1 14 11 2 8 7 4 0 6 9 12 5 15 10] = 4
[13 3 1 14 11 2 10 7 4 0 6 9 12 5 8 15] = 5
[13 3 1 14 11 2 15 4 7 0 6 9 12 5 8 10] = 3
[13 3 1 14 11 2 15 0 4 7 6 9 12 5 8 10] = 4
[13 3 1 14 11 2 15 6 4 0 7 9 12 5 8 10] = 4
[13 3 1 14 11 2 15 9 4 0 6 7 12 5 8 10] = 6
[13 3 1 14 11 2 15 12 4 0 6 9 7 5 8 10] = 3
[13 3 1 14 11 2 15 5 4 0 6 9 12 7 8 10] = 5
[13 3 1 14 11 2 15 8 4 0 6 9 12 5 7 10] = 3
[13 3 1 14 11 2 15 10 4 0 6 9 12 5 8 7] = 4
[13 3 1 14 11 2 15 7 0 4 6 9 12 5 8 10] = 4
[13 3 1 14 11 2 15 7 6 0 4 9 12 5 8 10] = 6
[13 3 1 14 11 2 15 7 9 0 6 4 12 5 8 10] = 3
[13 3 1 14 11 2 15 7 12 0 6 9 4 5 8 10] = 3
[13 3 1 14 11 2 15 7 5 0 6 9 12 4 8 10] = 5
[13 3 1 14 11 2 15 7 8 0 6 9 12 5 4 10] = 5
[13 3 1 14 11 2 15 7 10 0 6 9 12 5 8 4] = 3
[13 3 1 14 11 2 15 7 4 6 0 9 12 5 8 10] = 3
[13 3 1 14 11 2 15 7 4 9 6 0 12 5 8 10] = 5
[13 3 1 14 11 2 15 7 4 12 6 9 0 5 8 10] = 3
[13 3 1 14 11 2 15 7 4 5 6 9 12 0 8 10] = 6
[13 3 1 14 11 2 15 7 4 8 6 9 12 5 0 10] = 5
[13 3 1 14 11 2 15 7 4 10 6 9 12 5 8 0] = 3
[13 3 1 14 11 2 15 7 4 0 9 6 12 5 8 10] = 4
[13 3 1 14 11 2 15 7 4 0 12 9 6 5 8 10] = 4
[13 3 1 14 11 2 15 7 4 0 5 9 12 6 8 10] = 3
[13 3 1 14 11 2 15 7 4 0 8 9 12 5 6 10] = 5
[13 3 1 14 11 2 15 7 4 0 10 9 12 5 8 6] = 6
[13 3 1 14 11 2 15 7 4 0 6 12 9 5 8 10] = 3
[13 3 1 14 11 2 15 7 4 0 6 5 12 9 8 10] = 7
[13 3 1 14 11 2 15 7 4 0 6 8 12 5 9 10] = 4
[13 3 1 14 11 2 15 7 4 0 6 10 12 5 8 9] = 6
[13 3 1 14 11 2 15 7 4 0 6 9 5 12 8 10] = 4
[13 3 1 14 11 2 15 7 4 0 6 9 8 5 12 10] = 5
[13 3 1 14 11 2 15 7 4 0 6 9 10 5 8 12] = 4
[13 3 1 14 11 2 15 7 4 0 6 9 12 8 5 10] = 5
[13 3 1 14 11 2 15 7 4 0 6 9 12 10 8 5] = 4
[13 3 1 14 11 2 15 7 4 0 6 9 12 5 10 8] = 5
choose: [6 3 1 14 11 2 15 7 4 0 13 9 12 5 8 10] = 1
[3 6 1 14 11 2 15 7 4 0 13 9 12 5 8 10] = 4
[1 3 6 14 11 2 15 7 4 0 13 9 12 5 8 10] = 1
[14 3 1 6 11 2 15 7 4 0 13 9 12 5 8 10] = 4
[11 3 1 14 6 2 15 7 4 0 13 9 12 5 8 10] = 3
[2 3 1 14 11 6 15 7 4 0 13 9 12 5 8 10] = 2
[15 3 1 14 11 2 6 7 4 0 13 9 12 5 8 10] = 5
[7 3 1 14 11 2 15 6 4 0 13 9 12 5 8 10] = 3
[4 3 1 14 11 2 15 7 6 0 13 9 12 5 8 10] = 4
[0 3 1 14 11 2 15 7 4 6 13 9 12 5 8 10] = 5
[13 3 1 14 11 2 15 7 4 0 6 9 12 5 8 10] = 2
[9 3 1 14 11 2 15 7 4 0 13 6 12 5 8 10] = 5
[12 3 1 14 11 2 15 7 4 0 13 9 6 5 8 10] = 3
[5 3 1 14 11 2 15 7 4 0 13 9 12 6 8 10] = 1
[8 3 1 14 11 2 15 7 4 0 13 9 12 5 6 10] = 3
[10 3 1 14 11 2 15 7 4 0 13 9 12 5 8 6] = 3
[6 1 3 14 11 2 15 7 4 0 13 9 12 5 8 10] = 3
[6 14 1 3 11 2 15 7 4 0 13 9 12 5 8 10] = 5
[6 11 1 14 3 2 15 7 4 0 13 9 12 5 8 10] = 4
[6 2 1 14 11 3 15 7 4 0 13 9 12 5 8 10] = 3
[6 15 1 14 11 2 3 7 4 0 13 9 12 5 8 10] = 3
[6 7 1 14 11 2 15 3 4 0 13 9 12 5 8 10] = 2
[6 4 1 14 11 2 15 7 3 0 13 9 12 5 8 10] = 3
[6 0 1 14 11 2 15 7 4 3 13 9 12 5 8 10] = 4
[6 13 1 14 11 2 15 7 4 0 3 9 12 5 8 10] = 2
[6 9 1 14 11 2 15 7 4 0 13 3 12 5 8 10] = 3
[6 12 1 14 11 2 15 7 4 0 13 9 3 5 8 10] = 3
[6 5 1 14 11 2 15 7 4 0 13 9 12 3 8 10] = 2
[6 8 1 14 11 2 15 7 4 0 13 9 12 5 3 10] = 4
[6 10 1 14 11 2 15 7 4 0 13 9 12 5 8 3] = 3
[6 3 14 1 11 2 15 7 4 0 13 9 12 5 8 10] = 3
[6 3 11 14 1 2 15 7 4 0 13 9 12 5 8 10] = 3
[6 3 2 14 11 1 15 7 4 0 13 9 12 5 8 10] = 6
[6 3 15 14 11 2 1 7 4 0 13 9 12 5 8 10] = 4
[6 3 7 14 11 2 15 1 4 0 13 9 12 5 8 10] = 2
[6 3 4 14 11 2 15 7 1 0 13 9 12 5 8 10] = 4
[6 3 0 14 11 2 15 7 4 1 13 9 12 5 8 10] = 3
[6 3 13 14 11 2 15 7 4 0 1 9 12 5 8 10] = 4
[6 3 9 14 11 2 15 7 4 0 13 1 12 5 8 10] = 3
[6 3 12 14 11 2 15 7 4 0 13 9 1 5 8 10] = 1
[6 3 5 14 11 2 15 7 4 0 13 9 12 1 8 10] = 4
[6 3 8 14 11 2 15 7 4 0 13 9 12 5 1 10] = 3
[6 3 10 14 11 2 15 7 4 0 13 9 12 5 8 1] = 2
[6 3 1 11 14 2 15 7 4 0 13 9 12 5 8 10] = 3
[6 3 1 2 11 14 15 7 4 0 13 9 12 5 8 10] = 3
[6 3 1 15 11 2 14 7 4 0 13 9 12 5 8 10] = 3
[6 3 1 7 11 2 15 14 4 0 13 9 12 5 8 10] = 2
[6 3 1 4 11 2 15 7 14 0 13 9 12 5 8 10] = 4
[6 3 1 0 11 2 15 7 4 14 13 9 12 5 8 10] = 4
[6 3 1 13 11 2 15 7 4 0 14 9 12 5 8 10] = 2
[6 3 1 9 11 2 15 7 4 0 13 14 12 5 8 10] = 5
[6 3 1 12 11 2 15 7 4 0 13 9 14 5 8 10] = 3
[6 3 1 5 11 2 15 7 4 0 13 9 12 14 8 10] = 2
[6 3 1 8 11 2 15 7 4 0 13 9 12 5 14 10] = 3
[6 3 1 10 11 2 15 7 4 0 13 9 12 5 8 14] = 3
[6 3 1 14 2 11 15 7 4 0 13 9 12 5 8 10] = 4
[6 3 1 14 15 2 11 7 4 0 13 9 12 5 8 10] = 3
[6 3 1 14 7 2 15 11 4 0 13 9 12 5 8 10] = 2
[6 3 1 14 4 2 15 7 11 0 13 9 12 5 8 10] = 4
[6 3 1 14 0 2 15 7 4 11 13 9 12 5 8 10] = 5
[6 3 1 14 13 2 15 7 4 0 11 9 12 5 8 10] = 4
[6 3 1 14 9 2 15 7 4 0 13 11 12 5 8 10] = 4
[6 3 1 14 12 2 15 7 4 0 13 9 11 5 8 10] = 2
[6 3 1 14 5 2 15 7 4 0 13 9 12 11 8 10] = 4
[6 3 1 14 8 2 15 7 4 0 13 9 12 5 11 10] = 4
[6 3 1 14 10 2 15 7 4 0 13 9 12 5 8 11] = 4
[6 3 1 14 11 15 2 7 4 0 13 9 12 5 8 10] = 3
[6 3 1 14 11 7 15 2 4 0 13 9 12 5 8 10] = 4
[6 3 1 14 11 4 15 7 2 0 13 9 12 5 8 10] = 4
[6 3 1 14 11 0 15 7 4 2 13 9 12 5 8 10] = 2
[6 3 1 14 11 13 15 7 4 0 2 9 12 5 8 10] = 4
[6 3 1 14 11 9 15 7 4 0 13 2 12 5 8 10] = 3
[6 3 1 14 11 12 15 7 4 0 13 9 2 5 8 10] = 3
[6 3 1 14 11 5 15 7 4 0 13 9 12 2 8 10] = 4
[6 3 1 14 11 8 15 7 4 0 13 9 12 5 2 10] = 2
[6 3 1 14 11 10 15 7 4 0 13 9 12 5 8 2] = 3
[6 3 1 14 11 2 7 15 4 0 13 9 12 5 8 10] = 1
[6 3 1 14 11 2 4 7 15 0 13 9 12 5 8 10] = 4
[6 3 1 14 11 2 0 7 4 15 13 9 12 5 8 10] = 5
[6 3 1 14 11 2 13 7 4 0 15 9 12 5 8 10] = 3
[6 3 1 14 11 2 9 7 4 0 13 15 12 5 8 10] = 3
[6 3 1 14 11 2 12 7 4 0 13 9 15 5 8 10] = 3
[6 3 1 14 11 2 5 7 4 0 13 9 12 15 8 10] = 3
[6 3 1 14 11 2 8 7 4 0 13 9 12 5 15 10] = 3
[6 3 1 14 11 2 10 7 4 0 13 9 12 5 8 15] = 3
[6 3 1 14 11 2 15 4 7 0 13 9 12 5 8 10] = 3
[6 3 1 14 11 2 15 0 4 7 13 9 12 5 8 10] = 2
[6 3 1 14 11 2 15 13 4 0 7 9 12 5 8 10] = 4
[6 3 1 14 11 2 15 9 4 0 13 7 12 5 8 10] = 3
[6 3 1 14 11 2 15 12 4 0 13 9 7 5 8 10] = 2
[6 3 1 14 11 2 15 5 4 0 13 9 12 7 8 10] = 4
[6 3 1 14 11 2 15 8 4 0 13 9 12 5 7 10] = 2
[6 3 1 14 11 2 15 10 4 0 13 9 12 5 8 7] = 4
[6 3 1 14 11 2 15 7 0 4 13 9 12 5 8 10] = 3
[6 3 1 14 11 2 15 7 13 0 4 9 12 5 8 10] = 4
[6 3 1 14 11 2 15 7 9 0 13 4 12 5 8 10] = 3
[6 3 1 14 11 2 15 7 12 0 13 9 4 5 8 10] = 2
[6 3 1 14 11 2 15 7 5 0 13 9 12 4 8 10] = 4
[6 3 1 14 11 2 15 7 8 0 13 9 12 5 4 10] = 4
[6 3 1 14 11 2 15 7 10 0 13 9 12 5 8 4] = 3
[6 3 1 14 11 2 15 7 4 13 0 9 12 5 8 10] = 2
[6 3 1 14 11 2 15 7 4 9 13 0 12 5 8 10] = 4
[6 3 1 14 11 2 15 7 4 12 13 9 0 5 8 10] = 3
[6 3 1 14 11 2 15 7 4 5 13 9 12 0 8 10] = 3
[6 3 1 14 11 2 15 7 4 8 13 9 12 5 0 10] = 4
[6 3 1 14 11 2 15 7 4 10 13 9 12 5 8 0] = 2
[6 3 1 14 11 2 15 7 4 0 9 13 12 5 8 10] = 4
[6 3 1 14 11 2 15 7 4 0 12 9 13 5 8 10] = 3
[6 3 1 14 11 2 15 7 4 0 5 9 12 13 8 10] = 5
[6 3 1 14 11 2 15 7 4 0 8 9 12 5 13 10] = 4
[6 3 1 14 11 2 15 7 4 0 10 9 12 5 8 13] = 5
[6 3 1 14 11 2 15 7 4 0 13 12 9 5 8 10] = 3
[6 3 1 14 11 2 15 7 4 0 13 5 12 9 8 10] = 4
[6 3 1 14 11 2 15 7 4 0 13 8 12 5 9 10] = 4
[6 3 1 14 11 2 15 7 4 0 13 10 12 5 8 9] = 5
[6 3 1 14 11 2 15 7 4 0 13 9 5 12 8 10] = 3
[6 3 1 14 11 2 15 7 4 0 13 9 8 5 12 10] = 3
[6 3 1 14 11 2 15 7 4 0 13 9 10 5 8 12] = 3
[6 3 1 14 11 2 15 7 4 0 13 9 12 8 5 10] = 4
[6 3 1 14 11 2 15 7 4 0 13 9 12 10 8 5] = 4
[6 3 1 14 11 2 15 7 4 0 13 9 12 5 10 8] = 4
not found
