Start: [0 1 2 3 4 5 6 7 8 9 10 11 12 13 14 15] = 120
choose: [15 1 2 3 4 5 6 7 8 9 10 11 12 13 14 0] = 92
choose: [15 2 1 3 4 5 6 7 8 9 10 11 12 13 14 0] = 68
choose: [15 2 1 4 3 5 6 7 8 9 10 11 12 13 14 0] = 50
choose: [15 7 1 4 3 5 6 2 8 9 10 11 12 13 14 0] = 39
choose: [15 10 1 4 3 5 6 2 8 9 7 11 12 13 14 0] = 31
choose: [15 10 12 4 3 5 6 2 8 9 7 11 1 13 14 0] = 23
choose: [15 10 12 4 3 8 6 2 5 9 7 11 1 13 14 0] = 16
choose: [15 9 12 4 3 8 6 2 5 10 7 11 1 13 14 0] = 13
choose: [15 9 6 4 3 8 12 2 5 10 7 11 1 13 14 0] = 10
choose: [15 11 6 4 3 8 12 2 5 10 7 9 1 13 14 0] = 8
choose: [15 4 6 11 3 8 12 2 5 10 7 9 1 13 14 0] = 7
choose: [15 5 6 11 3 8 12 2 4 10 7 9 1 13 14 0] = 4
choose: [5 15 6 11 3 8 12 2 4 10 7 9 1 13 14 0] = 2
choose: [5 15 6 11 3 14 12 2 4 10 7 9 1 13 8 0] = 1
choose(sideways): [5 15 6 11 3 14 12 10 4 2 7 9 1 13 8 0] = 1
choose(sideways): [5 8 6 11 3 14 12 10 4 2 7 9 1 13 15 0] = 1
choose(sideways): [5 8 6 11 3 14 12 9 4 2 7 10 1 13 15 0] = 1
choose(sideways): [10 8 6 11 3 14 12 9 4 2 7 5 1 13 15 0] = 1
choose(sideways): [10 8 0 11 3 14 12 9 4 2 7 5 1 13 15 6] = 1
restarting with: [1 12 15 13 14 4 5 8 0 11 2 6 9 3 7 10] = 8
choose: [14 12 15 13 1 4 5 8 0 11 2 6 9 3 7 10] = 7
choose: [14 5 15 13 1 4 12 8 0 11 2 6 9 3 7 10] = 6
choose(sideways): [14 6 15 13 1 4 12 8 0 11 2 5 9 3 7 10] = 6
choose(sideways): [14 13 15 6 1 4 12 8 0 11 2 5 9 3 7 10] = 6
choose: [14 1 15 6 13 4 12 8 0 11 2 5 9 3 7 10] = 5
choose: [14 6 15 1 13 4 12 8 0 11 2 5 9 3 7 10] = 4
choose(sideways): [14 6 8 1 13 4 12 15 0 11 2 5 9 3 7 10] = 4
choose: [14 6 9 1 13 4 12 15 0 11 2 5 8 3 7 10] = 3
choose: [14 6 9 1 13 4 12 8 0 11 2 5 15 3 7 10] = 2
choose(sideways): [14 6 3 1 13 4 12 8 0 11 2 5 15 9 7 10] = 2
choose(sideways): [14 6 1 3 13 4 12 8 0 11 2 5 15 9 7 10] = 2
choose(sideways): [14 6 13 3 1 4 12 8 0 11 2 5 15 9 7 10] = 2
choose(sideways): [14 6 12 3 1 4 13 8 0 11 2 5 15 9 7 10] = 2
choose(sideways): [14 12 6 3 1 4 13 8 0 11 2 5 15 9 7 10] = 2
restarting with: [6 4 8 15 10 1 0 12 3 13 11 5 9 2 7 14] = 10
choose: [11 4 8 15 10 1 0 12 3 13 6 5 9 2 7 14] = 7
choose: [11 4 0 15 10 1 8 12 3 13 6 5 9 2 7 14] = 5
choose: [11 4 6 15 10 1 8 12 3 13 0 5 9 2 7 14] = 4
choose: [13 4 6 15 10 1 8 12 3 11 0 5 9 2 7 14] = 3
choose: [13 8 6 15 10 1 4 12 3 11 0 5 9 2 7 14] = 2
choose: [13 8 6 15 10 1 4 12 3 11 0 5 9 2 14 7] = 1
choose(sideways): [13 11 6 15 10 1 4 12 3 8 0 5 9 2 14 7] = 1
choose(sideways): [13 8 6 15 10 1 4 12 3 11 0 5 9 2 14 7] = 1
choose(sideways): [13 8 6 4 10 1 15 12 3 11 0 5 9 2 14 7] = 1
choose(sideways): [13 11 6 4 10 1 15 12 3 8 0 5 9 2 14 7] = 1
choose(sideways): [13 11 6 4 10 1 3 12 15 8 0 5 9 2 14 7] = 1
restarting with: [5 14 15 1 13 0 9 6 7 2 10 11 4 3 8 12] = 10
choose: [14 5 15 1 13 0 9 6 7 2 10 11 4 3 8 12] = 6
choose(sideways): [14 13 15 1 5 0 9 6 7 2 10 11 4 3 8 12] = 6
choose: [14 9 15 1 5 0 13 6 7 2 10 11 4 3 8 12] = 4
choose: [14 9 11 1 5 0 13 6 7 2 10 15 4 3 8 12] = 3
choose: [14 9 11 1 5 0 13 12 7 2 10 15 4 3 8 6] = 2
choose(sideways): [14 9 4 1 5 0 13 12 7 2 10 15 11 3 8 6] = 2
choose(sideways): [14 7 4 1 5 0 13 12 9 2 10 15 11 3 8 6] = 2
choose(sideways): [15 7 4 1 5 0 13 12 9 2 10 14 11 3 8 6] = 2
choose(sideways): [15 12 4 1 5 0 13 7 9 2 10 14 11 3 8 6] = 2
choose(sideways): [15 9 4 1 5 0 13 7 12 2 10 14 11 3 8 6] = 2
choose: [15 9 4 1 5 0 13 7 12 2 8 14 11 3 10 6] = 1
choose(sideways): [15 1 4 9 5 0 13 7 12 2 8 14 11 3 10 6] = 1
choose(sideways): [15 9 4 1 5 0 13 7 12 2 8 14 11 3 10 6] = 1
choose(sideways): [15 9 4 14 5 0 13 7 12 2 8 1 11 3 10 6] = 1
choose(sideways): [15 9 4 14 5 3 13 7 12 2 8 1 11 0 10 6] = 1
choose(sideways): [15 9 4 14 1 3 13 7 12 2 8 5 11 0 10 6] = 1
restarting with: [12 1 3 8 2 0 5 6 11 4 14 7 9 13 10 15] = 10
choose: [15 1 3 8 2 0 5 6 11 4 14 7 9 13 10 12] = 9
choose(sideways): [15 3 1 8 2 0 5 6 11 4 14 7 9 13 10 12] = 9
choose: [15 3 6 8 2 0 5 1 11 4 14 7 9 13 10 12] = 7
choose: [15 3 8 6 2 0 5 1 11 4 14 7 9 13 10 12] = 5
choose: [15 10 8 6 2 0 5 1 11 4 14 7 9 13 3 12] = 4
choose(sideways): [15 8 10 6 2 0 5 1 11 4 14 7 9 13 3 12] = 4
choose(sideways): [15 10 8 6 2 0 5 1 11 4 14 7 9 13 3 12] = 4
choose: [15 6 8 10 2 0 5 1 11 4 14 7 9 13 3 12] = 3
choose(sideways): [15 3 8 10 2 0 5 1 11 4 14 7 9 13 6 12] = 3
choose(sideways): [15 13 8 10 2 0 5 1 11 4 14 7 9 3 6 12] = 3
choose(sideways): [15 2 8 10 13 0 5 1 11 4 14 7 9 3 6 12] = 3
choose(sideways): [15 2 10 8 13 0 5 1 11 4 14 7 9 3 6 12] = 3
choose(sideways): [15 13 10 8 2 0 5 1 11 4 14 7 9 3 6 12] = 3
choose: [15 13 10 4 2 0 5 1 11 8 14 7 9 3 6 12] = 2
choose(sideways): [15 8 10 4 2 0 5 1 11 13 14 7 9 3 6 12] = 2
choose: [15 12 10 4 2 0 5 1 11 13 14 7 9 3 6 8] = 1
choose: [14 12 10 4 2 0 5 1 11 13 15 7 9 3 6 8] = 0
Goal: [14 12 10 4 2 0 5 1 11 13 15 7 9 3 6 8] = 0
