Start: [0 1 2 3 4 5 6 7] = 28
choose: [1 0 2 3 4 5 6 7] = 16
choose: [1 0 5 3 4 2 6 7] = 8
choose: [1 0 5 7 4 2 6 3] = 4
choose: [5 0 1 7 4 2 6 3] = 3
choose: [5 0 1 6 4 2 7 3] = 1
restarting with: [1 2 5 4 7 0 3 6] = 5
choose: [1 5 2 4 7 0 3 6] = 1
restarting with: [1 2 5 3 0 4 6 7] = 4
choose: [7 2 5 3 0 4 6 1] = 2
restarting with: [3 6 4 2 7 1 5 0] = 5
choose: [1 6 4 2 7 3 5 0] = 3
choose: [1 5 4 2 7 3 6 0] = 1
restarting with: [0 2 6 5 4 3 1 7] = 9
choose: [0 2 7 5 4 3 1 6] = 4
choose: [4 2 7 5 0 3 1 6] = 2
choose: [6 2 7 5 0 3 1 4] = 1
restarting with: [5 4 7 2 1 3 6 0] = 7
choose: [4 5 7 2 1 3 6 0] = 2
choose: [2 5 7 4 1 3 6 0] = 1
restarting with: [3 2 1 6 4 5 7 0] = 6
choose: [2 3 1 6 4 5 7 0] = 2
choose: [4 3 1 6 2 5 7 0] = 1
restarting with: [0 4 6 2 7 3 1 5] = 4
choose: [0 3 6 2 7 4 1 5] = 1
restarting with: [0 2 4 5 1 7 3 6] = 4
choose: [4 2 0 5 1 7 3 6] = 2
choose: [4 2 0 5 7 1 3 6] = 0
Goal: [4 2 0 5 7 1 3 6] = 0
